{"/home/travis/build/npmtest/node-npmtest-mongo-express/test.js":{"path":"/home/travis/build/npmtest/node-npmtest-mongo-express/test.js","s":{"1":2,"2":2,"3":2,"4":2,"5":2,"6":2,"7":2,"8":1,"9":2,"10":2,"11":1,"12":1,"13":1,"14":1,"15":2,"16":2,"17":2,"18":2,"19":1,"20":1,"21":2,"22":2,"23":2,"24":1,"25":1,"26":1,"27":1,"28":1,"29":1,"30":1,"31":1,"32":1,"33":1,"34":1,"35":1,"36":1,"37":1,"38":1,"39":2,"40":2,"41":1,"42":2,"43":2,"44":1,"45":2,"46":2,"47":1,"48":2,"49":2,"50":1,"51":1,"52":1,"53":1,"54":1},"b":{"1":[2,1,1,1],"2":[1,1,1,1],"3":[1,1],"4":[1,1],"5":[1,1],"6":[1,1],"7":[1,1],"8":[1,1],"9":[1,1],"10":[1,1,1],"11":[1,1],"12":[1,1],"13":[1,1],"14":[1,1],"15":[1,1],"16":[1,1],"17":[1,1]},"f":{"1":2,"2":2,"3":2,"4":2,"5":2,"6":1,"7":1,"8":1,"9":2,"10":2,"11":2,"12":2,"13":1},"fnMap":{"1":{"name":"(anonymous_1)","line":12,"loc":{"start":{"line":12,"column":1},"end":{"line":12,"column":13}}},"2":{"name":"(anonymous_2)","line":19,"loc":{"start":{"line":19,"column":5},"end":{"line":19,"column":17}}},"3":{"name":"(anonymous_3)","line":23,"loc":{"start":{"line":23,"column":24},"end":{"line":23,"column":36}}},"4":{"name":"(anonymous_4)","line":61,"loc":{"start":{"line":61,"column":5},"end":{"line":61,"column":17}}},"5":{"name":"(anonymous_5)","line":82,"loc":{"start":{"line":82,"column":5},"end":{"line":82,"column":17}}},"6":{"name":"(anonymous_6)","line":91,"loc":{"start":{"line":91,"column":77},"end":{"line":94,"column":10}}},"7":{"name":"(anonymous_7)","line":112,"loc":{"start":{"line":112,"column":83},"end":{"line":115,"column":10}},"skip":true},"8":{"name":"(anonymous_8)","line":123,"loc":{"start":{"line":123,"column":77},"end":{"line":126,"column":10}},"skip":true},"9":{"name":"(anonymous_9)","line":139,"loc":{"start":{"line":139,"column":12},"end":{"line":139,"column":40}},"skip":true},"10":{"name":"(anonymous_10)","line":147,"loc":{"start":{"line":147,"column":77},"end":{"line":150,"column":10}},"skip":true},"11":{"name":"(anonymous_11)","line":158,"loc":{"start":{"line":158,"column":83},"end":{"line":161,"column":10}},"skip":true},"12":{"name":"(anonymous_12)","line":169,"loc":{"start":{"line":169,"column":79},"end":{"line":172,"column":10}},"skip":true},"13":{"name":"(anonymous_13)","line":180,"loc":{"start":{"line":180,"column":75},"end":{"line":183,"column":10}},"skip":true}},"statementMap":{"1":{"start":{"line":12,"column":0},"end":{"line":195,"column":5}},"2":{"start":{"line":14,"column":4},"end":{"line":14,"column":14}},"3":{"start":{"line":19,"column":4},"end":{"line":56,"column":9}},"4":{"start":{"line":21,"column":8},"end":{"line":21,"column":19}},"5":{"start":{"line":23,"column":8},"end":{"line":35,"column":13}},"6":{"start":{"line":24,"column":12},"end":{"line":34,"column":13}},"7":{"start":{"line":25,"column":16},"end":{"line":28,"column":30}},"8":{"start":{"line":30,"column":16},"end":{"line":33,"column":27}},"9":{"start":{"line":37,"column":8},"end":{"line":39,"column":21}},"10":{"start":{"line":40,"column":8},"end":{"line":53,"column":9}},"11":{"start":{"line":43,"column":12},"end":{"line":46,"column":14}},"12":{"start":{"line":47,"column":12},"end":{"line":47,"column":18}},"13":{"start":{"line":50,"column":12},"end":{"line":51,"column":33}},"14":{"start":{"line":52,"column":12},"end":{"line":52,"column":18}},"15":{"start":{"line":55,"column":8},"end":{"line":55,"column":35}},"16":{"start":{"line":61,"column":4},"end":{"line":63,"column":9}},"17":{"start":{"line":62,"column":8},"end":{"line":62,"column":15}},"18":{"start":{"line":64,"column":4},"end":{"line":77,"column":5}},"19":{"start":{"line":70,"column":8},"end":{"line":70,"column":14}},"20":{"start":{"line":76,"column":8},"end":{"line":76,"column":14}},"21":{"start":{"line":82,"column":4},"end":{"line":84,"column":9}},"22":{"start":{"line":83,"column":8},"end":{"line":83,"column":15}},"23":{"start":{"line":85,"column":4},"end":{"line":194,"column":5}},"24":{"start":{"line":91,"column":8},"end":{"line":99,"column":10}},"25":{"start":{"line":98,"column":12},"end":{"line":98,"column":35}},"26":{"start":{"line":102,"column":8},"end":{"line":104,"column":63}},"27":{"start":{"line":105,"column":8},"end":{"line":105,"column":14}},"28":{"start":{"line":112,"column":8},"end":{"line":121,"column":10},"skip":true},"29":{"start":{"line":119,"column":12},"end":{"line":119,"column":55},"skip":true},"30":{"start":{"line":120,"column":12},"end":{"line":120,"column":48},"skip":true},"31":{"start":{"line":123,"column":8},"end":{"line":136,"column":10},"skip":true},"32":{"start":{"line":130,"column":12},"end":{"line":130,"column":76},"skip":true},"33":{"start":{"line":131,"column":12},"end":{"line":131,"column":73},"skip":true},"34":{"start":{"line":132,"column":12},"end":{"line":132,"column":74},"skip":true},"35":{"start":{"line":133,"column":12},"end":{"line":133,"column":79},"skip":true},"36":{"start":{"line":134,"column":12},"end":{"line":134,"column":25},"skip":true},"37":{"start":{"line":135,"column":12},"end":{"line":135,"column":45},"skip":true},"38":{"start":{"line":138,"column":8},"end":{"line":145,"column":14},"skip":true},"39":{"start":{"line":143,"column":16},"end":{"line":143,"column":29},"skip":true},"40":{"start":{"line":144,"column":16},"end":{"line":144,"column":55},"skip":true},"41":{"start":{"line":147,"column":8},"end":{"line":156,"column":10},"skip":true},"42":{"start":{"line":154,"column":12},"end":{"line":154,"column":25},"skip":true},"43":{"start":{"line":155,"column":12},"end":{"line":155,"column":45},"skip":true},"44":{"start":{"line":158,"column":8},"end":{"line":167,"column":10},"skip":true},"45":{"start":{"line":165,"column":12},"end":{"line":165,"column":25},"skip":true},"46":{"start":{"line":166,"column":12},"end":{"line":166,"column":48},"skip":true},"47":{"start":{"line":169,"column":8},"end":{"line":178,"column":10},"skip":true},"48":{"start":{"line":176,"column":12},"end":{"line":176,"column":25},"skip":true},"49":{"start":{"line":177,"column":12},"end":{"line":177,"column":46},"skip":true},"50":{"start":{"line":180,"column":8},"end":{"line":189,"column":10},"skip":true},"51":{"start":{"line":187,"column":12},"end":{"line":187,"column":94},"skip":true},"52":{"start":{"line":188,"column":12},"end":{"line":188,"column":48},"skip":true},"53":{"start":{"line":192,"column":8},"end":{"line":192,"column":35},"skip":true},"54":{"start":{"line":193,"column":8},"end":{"line":193,"column":14},"skip":true}},"branchMap":{"1":{"line":25,"type":"binary-expr","locations":[{"start":{"line":25,"column":23},"end":{"line":25,"column":62}},{"start":{"line":26,"column":20},"end":{"line":26,"column":70}},{"start":{"line":27,"column":20},"end":{"line":27,"column":71}},{"start":{"line":28,"column":20},"end":{"line":28,"column":29}}]},"2":{"line":30,"type":"binary-expr","locations":[{"start":{"line":30,"column":23},"end":{"line":30,"column":37}},{"start":{"line":31,"column":20},"end":{"line":31,"column":61}},{"start":{"line":32,"column":20},"end":{"line":32,"column":70}},{"start":{"line":33,"column":20},"end":{"line":33,"column":26}}]},"3":{"line":37,"type":"cond-expr","locations":[{"start":{"line":38,"column":14},"end":{"line":38,"column":20}},{"start":{"line":39,"column":14},"end":{"line":39,"column":20}}]},"4":{"line":40,"type":"switch","locations":[{"start":{"line":42,"column":8},"end":{"line":47,"column":18}},{"start":{"line":49,"column":8},"end":{"line":52,"column":18}}]},"5":{"line":44,"type":"binary-expr","locations":[{"start":{"line":44,"column":16},"end":{"line":44,"column":44}},{"start":{"line":44,"column":48},"end":{"line":44,"column":66}}]},"6":{"line":50,"type":"binary-expr","locations":[{"start":{"line":50,"column":21},"end":{"line":50,"column":49}},{"start":{"line":50,"column":53},"end":{"line":50,"column":72}}]},"7":{"line":64,"type":"switch","locations":[{"start":{"line":69,"column":4},"end":{"line":70,"column":14}},{"start":{"line":75,"column":4},"end":{"line":76,"column":14}}]},"8":{"line":85,"type":"switch","locations":[{"start":{"line":90,"column":4},"end":{"line":105,"column":14}},{"start":{"line":111,"column":4},"end":{"line":193,"column":14},"skip":true}]},"9":{"line":91,"type":"binary-expr","locations":[{"start":{"line":91,"column":42},"end":{"line":91,"column":73}},{"start":{"line":91,"column":77},"end":{"line":99,"column":9}}]},"10":{"line":102,"type":"binary-expr","locations":[{"start":{"line":102,"column":18},"end":{"line":102,"column":32}},{"start":{"line":103,"column":12},"end":{"line":103,"column":53}},{"start":{"line":104,"column":12},"end":{"line":104,"column":61}}]},"11":{"line":112,"type":"binary-expr","locations":[{"start":{"line":112,"column":45},"end":{"line":112,"column":79},"skip":true},{"start":{"line":112,"column":83},"end":{"line":121,"column":9},"skip":true}]},"12":{"line":123,"type":"binary-expr","locations":[{"start":{"line":123,"column":42},"end":{"line":123,"column":73},"skip":true},{"start":{"line":123,"column":77},"end":{"line":136,"column":9},"skip":true}]},"13":{"line":138,"type":"binary-expr","locations":[{"start":{"line":138,"column":48},"end":{"line":138,"column":85},"skip":true},{"start":{"line":139,"column":12},"end":{"line":145,"column":13},"skip":true}]},"14":{"line":147,"type":"binary-expr","locations":[{"start":{"line":147,"column":42},"end":{"line":147,"column":73},"skip":true},{"start":{"line":147,"column":77},"end":{"line":156,"column":9},"skip":true}]},"15":{"line":158,"type":"binary-expr","locations":[{"start":{"line":158,"column":45},"end":{"line":158,"column":79},"skip":true},{"start":{"line":158,"column":83},"end":{"line":167,"column":9},"skip":true}]},"16":{"line":169,"type":"binary-expr","locations":[{"start":{"line":169,"column":43},"end":{"line":169,"column":75},"skip":true},{"start":{"line":169,"column":79},"end":{"line":178,"column":9},"skip":true}]},"17":{"line":180,"type":"binary-expr","locations":[{"start":{"line":180,"column":41},"end":{"line":180,"column":71},"skip":true},{"start":{"line":180,"column":75},"end":{"line":189,"column":9},"skip":true}]}},"code":["/* istanbul instrument in package npmtest_mongo_express */","/*jslint","    bitwise: true,","    browser: true,","    maxerr: 8,","    maxlen: 96,","    node: true,","    nomen: true,","    regexp: true,","    stupid: true","*/","(function () {","    'use strict';","    var local;","","","","    // run shared js-env code - pre-init","    (function () {","        // init local","        local = {};","        // init modeJs","        local.modeJs = (function () {","            try {","                return typeof navigator.userAgent === 'string' &&","                    typeof document.querySelector('body') === 'object' &&","                    typeof XMLHttpRequest.prototype.open === 'function' &&","                    'browser';","            } catch (errorCaughtBrowser) {","                return module.exports &&","                    typeof process.versions.node === 'string' &&","                    typeof require('http').createServer === 'function' &&","                    'node';","            }","        }());","        // init global","        local.global = local.modeJs === 'browser'","            ? window","            : global;","        switch (local.modeJs) {","        // re-init local from window.local","        case 'browser':","            local = local.global.utility2.objectSetDefault(","                local.global.utility2_rollup || local.global.local,","                local.global.utility2","            );","            break;","        // re-init local from example.js","        case 'node':","            local = (local.global.utility2_rollup || require('utility2'))","                .requireReadme();","            break;","        }","        // export local","        local.global.local = local;","    }());","","","","    // run shared js-env code - function","    (function () {","        return;","    }());","    switch (local.modeJs) {","","","","    // run browser js-env code - function","    case 'browser':","        break;","","","","    // run node js-env code - function","    case 'node':","        break;","    }","","","","    // run shared js-env code - post-init","    (function () {","        return;","    }());","    switch (local.modeJs) {","","","","    // run browser js-env code - post-init","    case 'browser':","        local.testCase_browser_nullCase = local.testCase_browser_nullCase || function (","            options,","            onError","        ) {","        /*","         * this function will test browsers's null-case handling-behavior-behavior","         */","            onError(null, options);","        };","","        // run tests","        local.nop(local.modeTest &&","            document.querySelector('#testRunButton1') &&","            document.querySelector('#testRunButton1').click());","        break;","","","","    // run node js-env code - post-init","    /* istanbul ignore next */","    case 'node':","        local.testCase_buildApidoc_default = local.testCase_buildApidoc_default || function (","            options,","            onError","        ) {","        /*","         * this function will test buildApidoc's default handling-behavior-behavior","         */","            options = { modulePathList: module.paths };","            local.buildApidoc(options, onError);","        };","","        local.testCase_buildApp_default = local.testCase_buildApp_default || function (","            options,","            onError","        ) {","        /*","         * this function will test buildApp's default handling-behavior-behavior","         */","            local.testCase_buildReadme_default(options, local.onErrorThrow);","            local.testCase_buildLib_default(options, local.onErrorThrow);","            local.testCase_buildTest_default(options, local.onErrorThrow);","            local.testCase_buildCustomOrg_default(options, local.onErrorThrow);","            options = [];","            local.buildApp(options, onError);","        };","","        local.testCase_buildCustomOrg_default = local.testCase_buildCustomOrg_default ||","            function (options, onError) {","            /*","             * this function will test buildCustomOrg's default handling-behavior","             */","                options = {};","                local.buildCustomOrg(options, onError);","            };","","        local.testCase_buildLib_default = local.testCase_buildLib_default || function (","            options,","            onError","        ) {","        /*","         * this function will test buildLib's default handling-behavior","         */","            options = {};","            local.buildLib(options, onError);","        };","","        local.testCase_buildReadme_default = local.testCase_buildReadme_default || function (","            options,","            onError","        ) {","        /*","         * this function will test buildReadme's default handling-behavior-behavior","         */","            options = {};","            local.buildReadme(options, onError);","        };","","        local.testCase_buildTest_default = local.testCase_buildTest_default || function (","            options,","            onError","        ) {","        /*","         * this function will test buildTest's default handling-behavior","         */","            options = {};","            local.buildTest(options, onError);","        };","","        local.testCase_webpage_default = local.testCase_webpage_default || function (","            options,","            onError","        ) {","        /*","         * this function will test webpage's default handling-behavior","         */","            options = { modeCoverageMerge: true, url: local.serverLocalHost + '?modeTest=1' };","            local.browserTest(options, onError);","        };","","        // run test-server","        local.testRunServer(local);","        break;","    }","}());",""],"l":{"12":2,"14":2,"19":2,"21":2,"23":2,"24":2,"25":2,"30":1,"37":2,"40":2,"43":1,"47":1,"50":1,"52":1,"55":2,"61":2,"62":2,"64":2,"70":1,"76":1,"82":2,"83":2,"85":2,"91":1,"98":1,"102":1,"105":1,"112":1,"119":1,"120":1,"123":1,"130":1,"131":1,"132":1,"133":1,"134":1,"135":1,"138":1,"143":2,"144":2,"147":1,"154":2,"155":2,"158":1,"165":2,"166":2,"169":1,"176":2,"177":2,"180":1,"187":1,"188":1,"192":1,"193":1}},"/home/travis/build/npmtest/node-npmtest-mongo-express/lib.npmtest_mongo_express.js":{"path":"/home/travis/build/npmtest/node-npmtest-mongo-express/lib.npmtest_mongo_express.js","s":{"1":2,"2":2,"3":2,"4":2,"5":2,"6":2,"7":2,"8":1,"9":2,"10":2,"11":2,"12":2,"13":1,"14":1,"15":1,"16":1},"b":{"1":[2,1,1,1],"2":[1,1,1,1],"3":[1,1],"4":[2,2],"5":[1,1]},"f":{"1":2,"2":2,"3":2},"fnMap":{"1":{"name":"(anonymous_1)","line":12,"loc":{"start":{"line":12,"column":1},"end":{"line":12,"column":13}}},"2":{"name":"(anonymous_2)","line":19,"loc":{"start":{"line":19,"column":5},"end":{"line":19,"column":17}}},"3":{"name":"(anonymous_3)","line":23,"loc":{"start":{"line":23,"column":24},"end":{"line":23,"column":36}}}},"statementMap":{"1":{"start":{"line":12,"column":0},"end":{"line":53,"column":5}},"2":{"start":{"line":14,"column":4},"end":{"line":14,"column":14}},"3":{"start":{"line":19,"column":4},"end":{"line":52,"column":9}},"4":{"start":{"line":21,"column":8},"end":{"line":21,"column":19}},"5":{"start":{"line":23,"column":8},"end":{"line":35,"column":13}},"6":{"start":{"line":24,"column":12},"end":{"line":34,"column":13}},"7":{"start":{"line":25,"column":16},"end":{"line":28,"column":30}},"8":{"start":{"line":30,"column":16},"end":{"line":33,"column":27}},"9":{"start":{"line":37,"column":8},"end":{"line":39,"column":21}},"10":{"start":{"line":41,"column":8},"end":{"line":41,"column":54}},"11":{"start":{"line":43,"column":8},"end":{"line":43,"column":58}},"12":{"start":{"line":45,"column":8},"end":{"line":51,"column":9}},"13":{"start":{"line":46,"column":12},"end":{"line":46,"column":64}},"14":{"start":{"line":48,"column":12},"end":{"line":48,"column":35}},"15":{"start":{"line":49,"column":12},"end":{"line":49,"column":49}},"16":{"start":{"line":50,"column":12},"end":{"line":50,"column":43}}},"branchMap":{"1":{"line":25,"type":"binary-expr","locations":[{"start":{"line":25,"column":23},"end":{"line":25,"column":62}},{"start":{"line":26,"column":20},"end":{"line":26,"column":70}},{"start":{"line":27,"column":20},"end":{"line":27,"column":71}},{"start":{"line":28,"column":20},"end":{"line":28,"column":29}}]},"2":{"line":30,"type":"binary-expr","locations":[{"start":{"line":30,"column":23},"end":{"line":30,"column":37}},{"start":{"line":31,"column":20},"end":{"line":31,"column":61}},{"start":{"line":32,"column":20},"end":{"line":32,"column":70}},{"start":{"line":33,"column":20},"end":{"line":33,"column":26}}]},"3":{"line":37,"type":"cond-expr","locations":[{"start":{"line":38,"column":14},"end":{"line":38,"column":20}},{"start":{"line":39,"column":14},"end":{"line":39,"column":20}}]},"4":{"line":41,"type":"binary-expr","locations":[{"start":{"line":41,"column":16},"end":{"line":41,"column":44}},{"start":{"line":41,"column":48},"end":{"line":41,"column":53}}]},"5":{"line":45,"type":"if","locations":[{"start":{"line":45,"column":8},"end":{"line":45,"column":8}},{"start":{"line":45,"column":8},"end":{"line":45,"column":8}}]}},"code":["/* istanbul instrument in package npmtest_mongo_express */","/*jslint","    bitwise: true,","    browser: true,","    maxerr: 8,","    maxlen: 96,","    node: true,","    nomen: true,","    regexp: true,","    stupid: true","*/","(function () {","    'use strict';","    var local;","","","","    // run shared js-env code - pre-init","    (function () {","        // init local","        local = {};","        // init modeJs","        local.modeJs = (function () {","            try {","                return typeof navigator.userAgent === 'string' &&","                    typeof document.querySelector('body') === 'object' &&","                    typeof XMLHttpRequest.prototype.open === 'function' &&","                    'browser';","            } catch (errorCaughtBrowser) {","                return module.exports &&","                    typeof process.versions.node === 'string' &&","                    typeof require('http').createServer === 'function' &&","                    'node';","            }","        }());","        // init global","        local.global = local.modeJs === 'browser'","            ? window","            : global;","        // init utility2_rollup","        local = local.global.utility2_rollup || local;","        // init lib","        local.local = local.npmtest_mongo_express = local;","        // init exports","        if (local.modeJs === 'browser') {","            local.global.utility2_npmtest_mongo_express = local;","        } else {","            module.exports = local;","            module.exports.__dirname = __dirname;","            module.exports.module = module;","        }","    }());","}());",""],"l":{"12":2,"14":2,"19":2,"21":2,"23":2,"24":2,"25":2,"30":1,"37":2,"41":2,"43":2,"45":2,"46":1,"48":1,"49":1,"50":1}},"/home/travis/build/npmtest/node-npmtest-mongo-express/example.js":{"path":"/home/travis/build/npmtest/node-npmtest-mongo-express/example.js","s":{"1":2,"2":2,"3":2,"4":2,"5":2,"6":2,"7":2,"8":1,"9":2,"10":2,"11":2,"12":2,"13":1,"14":2,"15":2,"16":2,"17":2,"18":2,"19":0,"20":2,"21":1,"22":1,"23":1,"24":1,"25":1,"26":0,"27":0,"28":1,"29":1,"30":2,"31":0,"32":0,"33":0,"34":1,"35":2,"36":2,"37":3,"38":3,"39":3,"40":3,"41":0,"42":3,"43":3,"44":3,"45":1,"46":3,"47":1,"48":1,"49":1,"50":1,"51":1,"52":1,"53":1,"54":1,"55":1,"56":1,"57":0,"58":1,"59":6,"60":6,"61":1,"62":2,"63":0,"64":2,"65":1,"66":1,"67":0,"68":0,"69":0,"70":0,"71":0,"72":0,"73":0,"74":0,"75":0,"76":0,"77":0,"78":0,"79":0,"80":0,"81":0,"82":0,"83":0},"b":{"1":[2,1,1,1],"2":[1,1,1,1],"3":[1,1],"4":[2,2],"5":[1,1],"6":[1,1],"7":[2,0],"8":[2,1,1,1,1,1],"9":[0,2,0],"10":[1,1],"11":[2,1,1],"12":[1,0],"13":[0,2],"14":[2,0,0,0,0,0,0],"15":[0,3],"16":[3,0],"17":[1,1],"18":[0,1],"19":[1,2,0,2],"20":[1,0],"21":[1,1],"22":[0,0],"23":[0,0],"24":[0,0],"25":[0,0],"26":[0,0],"27":[0,0],"28":[0,0]},"f":{"1":2,"2":2,"3":2,"4":2,"5":2,"6":2,"7":3,"8":3,"9":3,"10":1,"11":6,"12":0},"fnMap":{"1":{"name":"(anonymous_1)","line":26,"loc":{"start":{"line":26,"column":1},"end":{"line":26,"column":13}}},"2":{"name":"(anonymous_2)","line":33,"loc":{"start":{"line":33,"column":5},"end":{"line":33,"column":17}}},"3":{"name":"(anonymous_3)","line":37,"loc":{"start":{"line":37,"column":24},"end":{"line":37,"column":36}}},"4":{"name":"(anonymous_4)","line":69,"loc":{"start":{"line":69,"column":31},"end":{"line":69,"column":48}},"skip":true},"5":{"name":"(anonymous_5)","line":78,"loc":{"start":{"line":78,"column":26},"end":{"line":78,"column":45}},"skip":true},"6":{"name":"(anonymous_6)","line":123,"loc":{"start":{"line":123,"column":33},"end":{"line":123,"column":48}},"skip":true},"7":{"name":"(anonymous_7)","line":125,"loc":{"start":{"line":125,"column":27},"end":{"line":125,"column":39}},"skip":true},"8":{"name":"(anonymous_8)","line":133,"loc":{"start":{"line":133,"column":59},"end":{"line":133,"column":74}},"skip":true},"9":{"name":"(anonymous_9)","line":143,"loc":{"start":{"line":143,"column":45},"end":{"line":143,"column":62}},"skip":true},"10":{"name":"(anonymous_10)","line":144,"loc":{"start":{"line":144,"column":73},"end":{"line":144,"column":92}},"skip":true},"11":{"name":"(anonymous_11)","line":272,"loc":{"start":{"line":272,"column":51},"end":{"line":272,"column":77}},"skip":true},"12":{"name":"(anonymous_12)","line":315,"loc":{"start":{"line":315,"column":32},"end":{"line":315,"column":61}},"skip":true}},"statementMap":{"1":{"start":{"line":26,"column":0},"end":{"line":326,"column":5}},"2":{"start":{"line":28,"column":4},"end":{"line":28,"column":14}},"3":{"start":{"line":33,"column":4},"end":{"line":60,"column":9}},"4":{"start":{"line":35,"column":8},"end":{"line":35,"column":19}},"5":{"start":{"line":37,"column":8},"end":{"line":49,"column":13}},"6":{"start":{"line":38,"column":12},"end":{"line":48,"column":13}},"7":{"start":{"line":39,"column":16},"end":{"line":42,"column":30}},"8":{"start":{"line":44,"column":16},"end":{"line":47,"column":27}},"9":{"start":{"line":51,"column":8},"end":{"line":53,"column":21}},"10":{"start":{"line":55,"column":8},"end":{"line":57,"column":45}},"11":{"start":{"line":59,"column":8},"end":{"line":59,"column":35}},"12":{"start":{"line":61,"column":4},"end":{"line":325,"column":5}},"13":{"start":{"line":69,"column":8},"end":{"line":121,"column":10},"skip":true},"14":{"start":{"line":70,"column":12},"end":{"line":88,"column":13},"skip":true},"15":{"start":{"line":76,"column":16},"end":{"line":87,"column":19},"skip":true},"16":{"start":{"line":79,"column":20},"end":{"line":86,"column":21},"skip":true},"17":{"start":{"line":82,"column":24},"end":{"line":82,"column":43},"skip":true},"18":{"start":{"line":83,"column":24},"end":{"line":83,"column":30},"skip":true},"19":{"start":{"line":85,"column":24},"end":{"line":85,"column":49},"skip":true},"20":{"start":{"line":89,"column":12},"end":{"line":107,"column":13},"skip":true},"21":{"start":{"line":92,"column":16},"end":{"line":102,"column":17},"skip":true},"22":{"start":{"line":93,"column":20},"end":{"line":93,"column":86},"skip":true},"23":{"start":{"line":94,"column":20},"end":{"line":95,"column":45},"skip":true},"24":{"start":{"line":96,"column":20},"end":{"line":96,"column":42},"skip":true},"25":{"start":{"line":97,"column":20},"end":{"line":97,"column":48},"skip":true},"26":{"start":{"line":100,"column":20},"end":{"line":100,"column":85},"skip":true},"27":{"start":{"line":101,"column":20},"end":{"line":101,"column":96},"skip":true},"28":{"start":{"line":103,"column":16},"end":{"line":103,"column":22},"skip":true},"29":{"start":{"line":106,"column":16},"end":{"line":106,"column":22},"skip":true},"30":{"start":{"line":108,"column":12},"end":{"line":120,"column":13},"skip":true},"31":{"start":{"line":114,"column":16},"end":{"line":119,"column":17},"skip":true},"32":{"start":{"line":116,"column":20},"end":{"line":116,"column":78},"skip":true},"33":{"start":{"line":118,"column":20},"end":{"line":118,"column":47},"skip":true},"34":{"start":{"line":123,"column":8},"end":{"line":141,"column":11},"skip":true},"35":{"start":{"line":124,"column":12},"end":{"line":124,"column":54},"skip":true},"36":{"start":{"line":125,"column":12},"end":{"line":140,"column":14},"skip":true},"37":{"start":{"line":126,"column":16},"end":{"line":126,"column":28},"skip":true},"38":{"start":{"line":127,"column":16},"end":{"line":127,"column":69},"skip":true},"39":{"start":{"line":128,"column":16},"end":{"line":128,"column":75},"skip":true},"40":{"start":{"line":129,"column":16},"end":{"line":131,"column":17},"skip":true},"41":{"start":{"line":130,"column":20},"end":{"line":130,"column":27},"skip":true},"42":{"start":{"line":133,"column":16},"end":{"line":137,"column":36},"skip":true},"43":{"start":{"line":134,"column":20},"end":{"line":136,"column":55},"skip":true},"44":{"start":{"line":139,"column":16},"end":{"line":139,"column":57},"skip":true},"45":{"start":{"line":143,"column":8},"end":{"line":147,"column":11},"skip":true},"46":{"start":{"line":144,"column":12},"end":{"line":146,"column":15},"skip":true},"47":{"start":{"line":145,"column":16},"end":{"line":145,"column":70},"skip":true},"48":{"start":{"line":149,"column":8},"end":{"line":149,"column":31},"skip":true},"49":{"start":{"line":150,"column":8},"end":{"line":150,"column":14},"skip":true},"50":{"start":{"line":158,"column":8},"end":{"line":158,"column":31},"skip":true},"51":{"start":{"line":160,"column":8},"end":{"line":160,"column":33},"skip":true},"52":{"start":{"line":161,"column":8},"end":{"line":161,"column":37},"skip":true},"53":{"start":{"line":162,"column":8},"end":{"line":162,"column":35},"skip":true},"54":{"start":{"line":164,"column":8},"end":{"line":164,"column":50},"skip":true},"55":{"start":{"line":166,"column":8},"end":{"line":256,"column":2},"skip":true},"56":{"start":{"line":258,"column":8},"end":{"line":286,"column":9},"skip":true},"57":{"start":{"line":259,"column":12},"end":{"line":269,"column":14},"skip":true},"58":{"start":{"line":271,"column":12},"end":{"line":285,"column":19},"skip":true},"59":{"start":{"line":274,"column":20},"end":{"line":274,"column":35},"skip":true},"60":{"start":{"line":275,"column":20},"end":{"line":284,"column":21},"skip":true},"61":{"start":{"line":277,"column":24},"end":{"line":277,"column":64},"skip":true},"62":{"start":{"line":279,"column":24},"end":{"line":279,"column":40},"skip":true},"63":{"start":{"line":281,"column":24},"end":{"line":281,"column":40},"skip":true},"64":{"start":{"line":283,"column":24},"end":{"line":283,"column":39},"skip":true},"65":{"start":{"line":288,"column":8},"end":{"line":290,"column":9},"skip":true},"66":{"start":{"line":289,"column":12},"end":{"line":289,"column":18},"skip":true},"67":{"start":{"line":291,"column":8},"end":{"line":293,"column":54},"skip":true},"68":{"start":{"line":296,"column":8},"end":{"line":301,"column":37},"skip":true},"69":{"start":{"line":303,"column":8},"end":{"line":303,"column":82},"skip":true},"70":{"start":{"line":306,"column":8},"end":{"line":308,"column":9},"skip":true},"71":{"start":{"line":307,"column":12},"end":{"line":307,"column":82},"skip":true},"72":{"start":{"line":310,"column":8},"end":{"line":312,"column":9},"skip":true},"73":{"start":{"line":311,"column":12},"end":{"line":311,"column":18},"skip":true},"74":{"start":{"line":313,"column":8},"end":{"line":313,"column":54},"skip":true},"75":{"start":{"line":314,"column":8},"end":{"line":314,"column":69},"skip":true},"76":{"start":{"line":315,"column":8},"end":{"line":323,"column":36},"skip":true},"77":{"start":{"line":316,"column":12},"end":{"line":316,"column":61},"skip":true},"78":{"start":{"line":317,"column":12},"end":{"line":320,"column":13},"skip":true},"79":{"start":{"line":318,"column":16},"end":{"line":318,"column":75},"skip":true},"80":{"start":{"line":319,"column":16},"end":{"line":319,"column":23},"skip":true},"81":{"start":{"line":321,"column":12},"end":{"line":321,"column":38},"skip":true},"82":{"start":{"line":322,"column":12},"end":{"line":322,"column":27},"skip":true},"83":{"start":{"line":324,"column":8},"end":{"line":324,"column":14},"skip":true}},"branchMap":{"1":{"line":39,"type":"binary-expr","locations":[{"start":{"line":39,"column":23},"end":{"line":39,"column":62}},{"start":{"line":40,"column":20},"end":{"line":40,"column":70}},{"start":{"line":41,"column":20},"end":{"line":41,"column":71}},{"start":{"line":42,"column":20},"end":{"line":42,"column":29}}]},"2":{"line":44,"type":"binary-expr","locations":[{"start":{"line":44,"column":23},"end":{"line":44,"column":37}},{"start":{"line":45,"column":20},"end":{"line":45,"column":61}},{"start":{"line":46,"column":20},"end":{"line":46,"column":70}},{"start":{"line":47,"column":20},"end":{"line":47,"column":26}}]},"3":{"line":51,"type":"cond-expr","locations":[{"start":{"line":52,"column":14},"end":{"line":52,"column":20}},{"start":{"line":53,"column":14},"end":{"line":53,"column":20}}]},"4":{"line":55,"type":"binary-expr","locations":[{"start":{"line":55,"column":16},"end":{"line":55,"column":44}},{"start":{"line":55,"column":49},"end":{"line":57,"column":43}}]},"5":{"line":55,"type":"cond-expr","locations":[{"start":{"line":56,"column":14},"end":{"line":56,"column":57}},{"start":{"line":57,"column":14},"end":{"line":57,"column":43}}]},"6":{"line":61,"type":"switch","locations":[{"start":{"line":68,"column":4},"end":{"line":150,"column":14},"skip":true},{"start":{"line":156,"column":4},"end":{"line":324,"column":14},"skip":true}]},"7":{"line":70,"type":"if","locations":[{"start":{"line":70,"column":12},"end":{"line":70,"column":12},"skip":true},{"start":{"line":70,"column":12},"end":{"line":70,"column":12},"skip":true}]},"8":{"line":70,"type":"binary-expr","locations":[{"start":{"line":70,"column":16},"end":{"line":70,"column":22},"skip":true},{"start":{"line":70,"column":27},"end":{"line":70,"column":32},"skip":true},{"start":{"line":71,"column":20},"end":{"line":71,"column":39},"skip":true},{"start":{"line":72,"column":20},"end":{"line":72,"column":49},"skip":true},{"start":{"line":73,"column":20},"end":{"line":73,"column":58},"skip":true},{"start":{"line":74,"column":20},"end":{"line":74,"column":69},"skip":true}]},"9":{"line":79,"type":"switch","locations":[{"start":{"line":80,"column":20},"end":{"line":80,"column":33},"skip":true},{"start":{"line":81,"column":20},"end":{"line":83,"column":30},"skip":true},{"start":{"line":84,"column":20},"end":{"line":85,"column":49},"skip":true}]},"10":{"line":89,"type":"switch","locations":[{"start":{"line":90,"column":12},"end":{"line":103,"column":22},"skip":true},{"start":{"line":105,"column":12},"end":{"line":106,"column":22},"skip":true}]},"11":{"line":89,"type":"binary-expr","locations":[{"start":{"line":89,"column":20},"end":{"line":89,"column":25},"skip":true},{"start":{"line":89,"column":29},"end":{"line":89,"column":48},"skip":true},{"start":{"line":89,"column":52},"end":{"line":89,"column":74},"skip":true}]},"12":{"line":92,"type":"if","locations":[{"start":{"line":92,"column":16},"end":{"line":92,"column":16},"skip":true},{"start":{"line":92,"column":16},"end":{"line":92,"column":16},"skip":true}]},"13":{"line":108,"type":"if","locations":[{"start":{"line":108,"column":12},"end":{"line":108,"column":12},"skip":true},{"start":{"line":108,"column":12},"end":{"line":108,"column":12},"skip":true}]},"14":{"line":108,"type":"binary-expr","locations":[{"start":{"line":108,"column":16},"end":{"line":108,"column":61},"skip":true},{"start":{"line":108,"column":66},"end":{"line":108,"column":72},"skip":true},{"start":{"line":108,"column":77},"end":{"line":108,"column":82},"skip":true},{"start":{"line":109,"column":20},"end":{"line":109,"column":39},"skip":true},{"start":{"line":110,"column":20},"end":{"line":110,"column":49},"skip":true},{"start":{"line":111,"column":20},"end":{"line":111,"column":58},"skip":true},{"start":{"line":112,"column":20},"end":{"line":112,"column":68},"skip":true}]},"15":{"line":129,"type":"if","locations":[{"start":{"line":129,"column":16},"end":{"line":129,"column":16},"skip":true},{"start":{"line":129,"column":16},"end":{"line":129,"column":16},"skip":true}]},"16":{"line":134,"type":"cond-expr","locations":[{"start":{"line":135,"column":26},"end":{"line":135,"column":29},"skip":true},{"start":{"line":136,"column":26},"end":{"line":136,"column":54},"skip":true}]},"17":{"line":164,"type":"binary-expr","locations":[{"start":{"line":164,"column":27},"end":{"line":164,"column":43},"skip":true},{"start":{"line":164,"column":47},"end":{"line":164,"column":49},"skip":true}]},"18":{"line":258,"type":"if","locations":[{"start":{"line":258,"column":8},"end":{"line":258,"column":8},"skip":true},{"start":{"line":258,"column":8},"end":{"line":258,"column":8},"skip":true}]},"19":{"line":275,"type":"switch","locations":[{"start":{"line":276,"column":20},"end":{"line":277,"column":64},"skip":true},{"start":{"line":278,"column":20},"end":{"line":279,"column":40},"skip":true},{"start":{"line":280,"column":20},"end":{"line":281,"column":40},"skip":true},{"start":{"line":282,"column":20},"end":{"line":283,"column":39},"skip":true}]},"20":{"line":288,"type":"if","locations":[{"start":{"line":288,"column":8},"end":{"line":288,"column":8},"skip":true},{"start":{"line":288,"column":8},"end":{"line":288,"column":8},"skip":true}]},"21":{"line":288,"type":"binary-expr","locations":[{"start":{"line":288,"column":12},"end":{"line":288,"column":40},"skip":true},{"start":{"line":288,"column":44},"end":{"line":288,"column":67},"skip":true}]},"22":{"line":292,"type":"binary-expr","locations":[{"start":{"line":292,"column":12},"end":{"line":292,"column":50},"skip":true},{"start":{"line":293,"column":12},"end":{"line":293,"column":53},"skip":true}]},"23":{"line":297,"type":"binary-expr","locations":[{"start":{"line":297,"column":12},"end":{"line":297,"column":71},"skip":true},{"start":{"line":298,"column":12},"end":{"line":301,"column":36},"skip":true}]},"24":{"line":303,"type":"binary-expr","locations":[{"start":{"line":303,"column":43},"end":{"line":303,"column":75},"skip":true},{"start":{"line":303,"column":79},"end":{"line":303,"column":81},"skip":true}]},"25":{"line":306,"type":"if","locations":[{"start":{"line":306,"column":8},"end":{"line":306,"column":8},"skip":true},{"start":{"line":306,"column":8},"end":{"line":306,"column":8},"skip":true}]},"26":{"line":310,"type":"if","locations":[{"start":{"line":310,"column":8},"end":{"line":310,"column":8},"skip":true},{"start":{"line":310,"column":8},"end":{"line":310,"column":8},"skip":true}]},"27":{"line":313,"type":"binary-expr","locations":[{"start":{"line":313,"column":27},"end":{"line":313,"column":43},"skip":true},{"start":{"line":313,"column":47},"end":{"line":313,"column":53},"skip":true}]},"28":{"line":317,"type":"if","locations":[{"start":{"line":317,"column":12},"end":{"line":317,"column":12},"skip":true},{"start":{"line":317,"column":12},"end":{"line":317,"column":12},"skip":true}]}},"code":["/*","example.js","","quickstart example","","instruction","    1. save this script as example.js","    2. run the shell command:","        $ npm install npmtest-mongo-express && PORT=8081 node example.js","    3. play with the browser-demo on http://127.0.0.1:8081","*/","","","","/* istanbul instrument in package npmtest_mongo_express */","/*jslint","    bitwise: true,","    browser: true,","    maxerr: 8,","    maxlen: 96,","    node: true,","    nomen: true,","    regexp: true,","    stupid: true","*/","(function () {","    'use strict';","    var local;","","","","    // run shared js-env code - pre-init","    (function () {","        // init local","        local = {};","        // init modeJs","        local.modeJs = (function () {","            try {","                return typeof navigator.userAgent === 'string' &&","                    typeof document.querySelector('body') === 'object' &&","                    typeof XMLHttpRequest.prototype.open === 'function' &&","                    'browser';","            } catch (errorCaughtBrowser) {","                return module.exports &&","                    typeof process.versions.node === 'string' &&","                    typeof require('http').createServer === 'function' &&","                    'node';","            }","        }());","        // init global","        local.global = local.modeJs === 'browser'","            ? window","            : global;","        // init utility2_rollup","        local = local.global.utility2_rollup || (local.modeJs === 'browser'","            ? local.global.utility2_npmtest_mongo_express","            : global.utility2_moduleExports);","        // export local","        local.global.local = local;","    }());","    switch (local.modeJs) {","","","","    // post-init","    // run browser js-env code - post-init","    /* istanbul ignore next */","    case 'browser':","        local.testRunBrowser = function (event) {","            if (!event || (event &&","                    event.currentTarget &&","                    event.currentTarget.className &&","                    event.currentTarget.className.includes &&","                    event.currentTarget.className.includes('onreset'))) {","                // reset output","                Array.from(","                    document.querySelectorAll('body > .resettable')","                ).forEach(function (element) {","                    switch (element.tagName) {","                    case 'INPUT':","                    case 'TEXTAREA':","                        element.value = '';","                        break;","                    default:","                        element.textContent = '';","                    }","                });","            }","            switch (event && event.currentTarget && event.currentTarget.id) {","            case 'testRunButton1':","                // show tests","                if (document.querySelector('#testReportDiv1').style.display === 'none') {","                    document.querySelector('#testReportDiv1').style.display = 'block';","                    document.querySelector('#testRunButton1').textContent =","                        'hide internal test';","                    local.modeTest = true;","                    local.testRunDefault(local);","                // hide tests","                } else {","                    document.querySelector('#testReportDiv1').style.display = 'none';","                    document.querySelector('#testRunButton1').textContent = 'run internal test';","                }","                break;","            // custom-case","            default:","                break;","            }","            if (document.querySelector('#inputTextareaEval1') && (!event || (event &&","                    event.currentTarget &&","                    event.currentTarget.className &&","                    event.currentTarget.className.includes &&","                    event.currentTarget.className.includes('oneval')))) {","                // try to eval input-code","                try {","                    /*jslint evil: true*/","                    eval(document.querySelector('#inputTextareaEval1').value);","                } catch (errorCaught) {","                    console.error(errorCaught);","                }","            }","        };","        // log stderr and stdout to #outputTextareaStdout1","        ['error', 'log'].forEach(function (key) {","            console[key + '_original'] = console[key];","            console[key] = function () {","                var element;","                console[key + '_original'].apply(console, arguments);","                element = document.querySelector('#outputTextareaStdout1');","                if (!element) {","                    return;","                }","                // append text to #outputTextareaStdout1","                element.value += Array.from(arguments).map(function (arg) {","                    return typeof arg === 'string'","                        ? arg","                        : JSON.stringify(arg, null, 4);","                }).join(' ') + '\\n';","                // scroll textarea to bottom","                element.scrollTop = element.scrollHeight;","            };","        });","        // init event-handling","        ['change', 'click', 'keyup'].forEach(function (event) {","            Array.from(document.querySelectorAll('.on' + event)).forEach(function (element) {","                element.addEventListener(event, local.testRunBrowser);","            });","        });","        // run tests","        local.testRunBrowser();","        break;","","","","    // run node js-env code - post-init","    /* istanbul ignore next */","    case 'node':","        // export local","        module.exports = local;","        // require modules","        local.fs = require('fs');","        local.http = require('http');","        local.url = require('url');","        // init assets","        local.assetsDict = local.assetsDict || {};","        /* jslint-ignore-begin */","        local.assetsDict['/assets.index.template.html'] = '\\","<!doctype html>\\n\\","<html lang=\"en\">\\n\\","<head>\\n\\","<meta charset=\"UTF-8\">\\n\\","<meta name=\"viewport\" content=\"width=device-width, initial-scale=1\">\\n\\","<title>{{env.npm_package_name}} (v{{env.npm_package_version}})</title>\\n\\","<style>\\n\\","/*csslint\\n\\","    box-sizing: false,\\n\\","    universal-selector: false\\n\\","*/\\n\\","* {\\n\\","    box-sizing: border-box;\\n\\","}\\n\\","body {\\n\\","    background: #dde;\\n\\","    font-family: Arial, Helvetica, sans-serif;\\n\\","    margin: 2rem;\\n\\","}\\n\\","body > * {\\n\\","    margin-bottom: 1rem;\\n\\","}\\n\\",".utility2FooterDiv {\\n\\","    margin-top: 20px;\\n\\","    text-align: center;\\n\\","}\\n\\","</style>\\n\\","<style>\\n\\","/*csslint\\n\\","*/\\n\\","textarea {\\n\\","    font-family: monospace;\\n\\","    height: 10rem;\\n\\","    width: 100%;\\n\\","}\\n\\","textarea[readonly] {\\n\\","    background: #ddd;\\n\\","}\\n\\","</style>\\n\\","</head>\\n\\","<body>\\n\\","<!-- utility2-comment\\n\\","<div id=\"ajaxProgressDiv1\" style=\"background: #d00; height: 2px; left: 0; margin: 0; padding: 0; position: fixed; top: 0; transition: background 0.5s, width 1.5s; width: 25%;\"></div>\\n\\","utility2-comment -->\\n\\","<h1>\\n\\","<!-- utility2-comment\\n\\","    <a\\n\\","        {{#if env.npm_package_homepage}}\\n\\","        href=\"{{env.npm_package_homepage}}\"\\n\\","        {{/if env.npm_package_homepage}}\\n\\","        target=\"_blank\"\\n\\","    >\\n\\","utility2-comment -->\\n\\","        {{env.npm_package_name}} (v{{env.npm_package_version}})\\n\\","<!-- utility2-comment\\n\\","    </a>\\n\\","utility2-comment -->\\n\\","</h1>\\n\\","<h3>{{env.npm_package_description}}</h3>\\n\\","<!-- utility2-comment\\n\\","<h4><a download href=\"assets.app.js\">download standalone app</a></h4>\\n\\","<button class=\"onclick onreset\" id=\"testRunButton1\">run internal test</button><br>\\n\\","<div id=\"testReportDiv1\" style=\"display: none;\"></div>\\n\\","utility2-comment -->\\n\\","\\n\\","\\n\\","\\n\\","<label>stderr and stdout</label>\\n\\","<textarea class=\"resettable\" id=\"outputTextareaStdout1\" readonly></textarea>\\n\\","<!-- utility2-comment\\n\\","{{#if isRollup}}\\n\\","<script src=\"assets.app.js\"></script>\\n\\","{{#unless isRollup}}\\n\\","utility2-comment -->\\n\\","<script src=\"assets.utility2.rollup.js\"></script>\\n\\","<script src=\"jsonp.utility2._stateInit?callback=window.utility2._stateInit\"></script>\\n\\","<script src=\"assets.npmtest_mongo_express.rollup.js\"></script>\\n\\","<script src=\"assets.example.js\"></script>\\n\\","<script src=\"assets.test.js\"></script>\\n\\","<!-- utility2-comment\\n\\","{{/if isRollup}}\\n\\","utility2-comment -->\\n\\","<div class=\"utility2FooterDiv\">\\n\\","    [ this app was created with\\n\\","    <a href=\"https://github.com/kaizhu256/node-utility2\" target=\"_blank\">utility2</a>\\n\\","    ]\\n\\","</div>\\n\\","</body>\\n\\","</html>\\n\\","';","        /* jslint-ignore-end */","        if (local.templateRender) {","            local.assetsDict['/'] = local.templateRender(","                local.assetsDict['/assets.index.template.html'],","                {","                    env: local.objectSetDefault(local.env, {","                        npm_package_description: 'the greatest app in the world!',","                        npm_package_name: 'my-app',","                        npm_package_nameAlias: 'my_app',","                        npm_package_version: '0.0.1'","                    })","                }","            );","        } else {","            local.assetsDict['/'] = local.assetsDict['/assets.index.template.html']","                .replace((/\\{\\{env\\.(\\w+?)\\}\\}/g), function (match0, match1) {","                    // jslint-hack","                    String(match0);","                    switch (match1) {","                    case 'npm_package_description':","                        return 'the greatest app in the world!';","                    case 'npm_package_name':","                        return 'my-app';","                    case 'npm_package_nameAlias':","                        return 'my_app';","                    case 'npm_package_version':","                        return '0.0.1';","                    }","                });","        }","        // run the cli","        if (local.global.utility2_rollup || module !== require.main) {","            break;","        }","        local.assetsDict['/assets.example.js'] =","            local.assetsDict['/assets.example.js'] ||","            local.fs.readFileSync(__filename, 'utf8');","        // bug-workaround - long $npm_package_buildCustomOrg","        /* jslint-ignore-begin */","        local.assetsDict['/assets.npmtest_mongo_express.rollup.js'] =","            local.assetsDict['/assets.npmtest_mongo_express.rollup.js'] ||","            local.fs.readFileSync(","                local.npmtest_mongo_express.__dirname + '/lib.npmtest_mongo_express.js',","                'utf8'","            ).replace((/^#!/), '//');","        /* jslint-ignore-end */","        local.assetsDict['/favicon.ico'] = local.assetsDict['/favicon.ico'] || '';","        // if $npm_config_timeout_exit exists,","        // then exit this process after $npm_config_timeout_exit ms","        if (Number(process.env.npm_config_timeout_exit)) {","            setTimeout(process.exit, Number(process.env.npm_config_timeout_exit));","        }","        // start server","        if (local.global.utility2_serverHttp1) {","            break;","        }","        process.env.PORT = process.env.PORT || '8081';","        console.error('server starting on port ' + process.env.PORT);","        local.http.createServer(function (request, response) {","            request.urlParsed = local.url.parse(request.url);","            if (local.assetsDict[request.urlParsed.pathname] !== undefined) {","                response.end(local.assetsDict[request.urlParsed.pathname]);","                return;","            }","            response.statusCode = 404;","            response.end();","        }).listen(process.env.PORT);","        break;","    }","}());",""],"l":{"26":2,"28":2,"33":2,"35":2,"37":2,"38":2,"39":2,"44":1,"51":2,"55":2,"59":2,"61":2,"69":1,"70":2,"76":2,"79":2,"82":2,"83":2,"85":1,"89":2,"92":1,"93":1,"94":1,"96":1,"97":1,"100":1,"101":1,"103":1,"106":1,"108":2,"114":1,"116":1,"118":1,"123":1,"124":2,"125":2,"126":3,"127":3,"128":3,"129":3,"130":1,"133":3,"134":3,"139":3,"143":1,"144":3,"145":1,"149":1,"150":1,"158":1,"160":1,"161":1,"162":1,"164":1,"166":1,"258":1,"259":1,"271":1,"274":6,"275":6,"277":1,"279":2,"281":1,"283":2,"288":1,"289":1,"291":1,"296":1,"303":1,"306":1,"307":1,"310":1,"311":1,"313":1,"314":1,"315":1,"316":1,"317":1,"318":1,"319":1,"321":1,"322":1,"324":1}},"/home/travis/build/npmtest/node-npmtest-mongo-express/node_modules/mongo-express/app.js":{"path":"/home/travis/build/npmtest/node-npmtest-mongo-express/node_modules/mongo-express/app.js","s":{"1":1,"2":1,"3":1,"4":1,"5":1,"6":1,"7":1,"8":1,"9":1,"10":1,"11":1,"12":1,"13":1,"14":1,"15":1,"16":1,"17":1,"18":1,"19":1,"20":1,"21":1,"22":0,"23":0,"24":0,"25":0,"26":1,"27":1,"28":1,"29":1,"30":1,"31":1,"32":1,"33":0,"34":0,"35":0,"36":0,"37":0,"38":0,"39":0,"40":0,"41":0,"42":0,"43":1,"44":1,"45":1,"46":1,"47":0,"48":0,"49":1,"50":1,"51":1,"52":0,"53":0,"54":0,"55":1,"56":1,"57":1,"58":1,"59":1,"60":0,"61":1,"62":1,"63":0,"64":0,"65":0,"66":0,"67":0,"68":0,"69":0,"70":0},"b":{"1":[1,0],"2":[1,0],"3":[0,1],"4":[1,0],"5":[0,0],"6":[0,0],"7":[1,1],"8":[1,1],"9":[1,1],"10":[0,1],"11":[0,1],"12":[0,1],"13":[1,0],"14":[1,0],"15":[1,0],"16":[0,1],"17":[1,1],"18":[1,0],"19":[1,1],"20":[0,0]},"f":{"1":1,"2":0},"fnMap":{"1":{"name":"(anonymous_1)","line":107,"loc":{"start":{"line":107,"column":50},"end":{"line":107,"column":62}}},"2":{"name":"(anonymous_2)","line":122,"loc":{"start":{"line":122,"column":13},"end":{"line":122,"column":26}}}},"statementMap":{"1":{"start":{"line":5,"column":0},"end":{"line":5,"column":45}},"2":{"start":{"line":6,"column":0},"end":{"line":6,"column":41}},"3":{"start":{"line":7,"column":0},"end":{"line":7,"column":45}},"4":{"start":{"line":8,"column":0},"end":{"line":8,"column":43}},"5":{"start":{"line":9,"column":0},"end":{"line":9,"column":38}},"6":{"start":{"line":10,"column":0},"end":{"line":10,"column":41}},"7":{"start":{"line":11,"column":0},"end":{"line":11,"column":52}},"8":{"start":{"line":12,"column":0},"end":{"line":12,"column":47}},"9":{"start":{"line":13,"column":0},"end":{"line":13,"column":51}},"10":{"start":{"line":14,"column":0},"end":{"line":14,"column":50}},"11":{"start":{"line":16,"column":0},"end":{"line":16,"column":34}},"12":{"start":{"line":17,"column":0},"end":{"line":17,"column":48}},"13":{"start":{"line":19,"column":0},"end":{"line":19,"column":11}},"14":{"start":{"line":20,"column":0},"end":{"line":20,"column":21}},"15":{"start":{"line":21,"column":0},"end":{"line":21,"column":22}},"16":{"start":{"line":22,"column":0},"end":{"line":22,"column":15}},"17":{"start":{"line":25,"column":0},"end":{"line":25,"column":18}},"18":{"start":{"line":27,"column":0},"end":{"line":41,"column":1}},"19":{"start":{"line":29,"column":2},"end":{"line":29,"column":77}},"20":{"start":{"line":31,"column":2},"end":{"line":38,"column":3}},"21":{"start":{"line":32,"column":4},"end":{"line":32,"column":72}},"22":{"start":{"line":34,"column":4},"end":{"line":34,"column":56}},"23":{"start":{"line":35,"column":4},"end":{"line":35,"column":40}},"24":{"start":{"line":36,"column":4},"end":{"line":36,"column":28}},"25":{"start":{"line":37,"column":4},"end":{"line":37,"column":20}},"26":{"start":{"line":40,"column":2},"end":{"line":40,"column":39}},"27":{"start":{"line":43,"column":0},"end":{"line":47,"column":1}},"28":{"start":{"line":44,"column":2},"end":{"line":44,"column":42}},"29":{"start":{"line":45,"column":2},"end":{"line":45,"column":42}},"30":{"start":{"line":46,"column":2},"end":{"line":46,"column":20}},"31":{"start":{"line":49,"column":0},"end":{"line":58,"column":21}},"32":{"start":{"line":60,"column":0},"end":{"line":81,"column":1}},"33":{"start":{"line":61,"column":2},"end":{"line":61,"column":43}},"34":{"start":{"line":62,"column":2},"end":{"line":78,"column":3}},"35":{"start":{"line":63,"column":4},"end":{"line":63,"column":54}},"36":{"start":{"line":64,"column":4},"end":{"line":64,"column":54}},"37":{"start":{"line":66,"column":4},"end":{"line":70,"column":6}},"38":{"start":{"line":71,"column":4},"end":{"line":75,"column":5}},"39":{"start":{"line":72,"column":6},"end":{"line":74,"column":7}},"40":{"start":{"line":73,"column":8},"end":{"line":73,"column":25}},"41":{"start":{"line":77,"column":4},"end":{"line":77,"column":34}},"42":{"start":{"line":80,"column":2},"end":{"line":80,"column":30}},"43":{"start":{"line":83,"column":0},"end":{"line":83,"column":64}},"44":{"start":{"line":84,"column":0},"end":{"line":84,"column":62}},"45":{"start":{"line":86,"column":0},"end":{"line":86,"column":54}},"46":{"start":{"line":88,"column":0},"end":{"line":91,"column":1}},"47":{"start":{"line":89,"column":2},"end":{"line":89,"column":79}},"48":{"start":{"line":90,"column":2},"end":{"line":90,"column":28}},"49":{"start":{"line":93,"column":0},"end":{"line":93,"column":49}},"50":{"start":{"line":94,"column":0},"end":{"line":94,"column":16}},"51":{"start":{"line":96,"column":0},"end":{"line":103,"column":1}},"52":{"start":{"line":97,"column":2},"end":{"line":97,"column":24}},"53":{"start":{"line":98,"column":2},"end":{"line":101,"column":4}},"54":{"start":{"line":102,"column":2},"end":{"line":102,"column":47}},"55":{"start":{"line":105,"column":0},"end":{"line":105,"column":146}},"56":{"start":{"line":107,"column":0},"end":{"line":133,"column":3}},"57":{"start":{"line":108,"column":2},"end":{"line":120,"column":3}},"58":{"start":{"line":110,"column":4},"end":{"line":110,"column":73}},"59":{"start":{"line":112,"column":4},"end":{"line":114,"column":5}},"60":{"start":{"line":113,"column":6},"end":{"line":113,"column":90}},"61":{"start":{"line":116,"column":4},"end":{"line":118,"column":5}},"62":{"start":{"line":117,"column":6},"end":{"line":117,"column":125}},"63":{"start":{"line":123,"column":2},"end":{"line":127,"column":3}},"64":{"start":{"line":124,"column":4},"end":{"line":124,"column":18}},"65":{"start":{"line":125,"column":4},"end":{"line":125,"column":123}},"66":{"start":{"line":126,"column":4},"end":{"line":126,"column":59}},"67":{"start":{"line":129,"column":2},"end":{"line":129,"column":16}},"68":{"start":{"line":130,"column":2},"end":{"line":130,"column":135}},"69":{"start":{"line":131,"column":2},"end":{"line":131,"column":33}},"70":{"start":{"line":132,"column":2},"end":{"line":132,"column":25}}},"branchMap":{"1":{"line":31,"type":"if","locations":[{"start":{"line":31,"column":2},"end":{"line":31,"column":2}},{"start":{"line":31,"column":2},"end":{"line":31,"column":2}}]},"2":{"line":43,"type":"if","locations":[{"start":{"line":43,"column":0},"end":{"line":43,"column":0}},{"start":{"line":43,"column":0},"end":{"line":43,"column":0}}]},"3":{"line":60,"type":"if","locations":[{"start":{"line":60,"column":0},"end":{"line":60,"column":0}},{"start":{"line":60,"column":0},"end":{"line":60,"column":0}}]},"4":{"line":60,"type":"binary-expr","locations":[{"start":{"line":60,"column":4},"end":{"line":60,"column":22}},{"start":{"line":60,"column":26},"end":{"line":60,"column":44}}]},"5":{"line":62,"type":"if","locations":[{"start":{"line":62,"column":2},"end":{"line":62,"column":2}},{"start":{"line":62,"column":2},"end":{"line":62,"column":2}}]},"6":{"line":72,"type":"if","locations":[{"start":{"line":72,"column":6},"end":{"line":72,"column":6}},{"start":{"line":72,"column":6},"end":{"line":72,"column":6}}]},"7":{"line":83,"type":"binary-expr","locations":[{"start":{"line":83,"column":24},"end":{"line":83,"column":38}},{"start":{"line":83,"column":42},"end":{"line":83,"column":63}}]},"8":{"line":84,"type":"binary-expr","locations":[{"start":{"line":84,"column":22},"end":{"line":84,"column":38}},{"start":{"line":84,"column":42},"end":{"line":84,"column":61}}]},"9":{"line":86,"type":"binary-expr","locations":[{"start":{"line":86,"column":19},"end":{"line":86,"column":33}},{"start":{"line":86,"column":37},"end":{"line":86,"column":53}}]},"10":{"line":88,"type":"if","locations":[{"start":{"line":88,"column":0},"end":{"line":88,"column":0}},{"start":{"line":88,"column":0},"end":{"line":88,"column":0}}]},"11":{"line":96,"type":"if","locations":[{"start":{"line":96,"column":0},"end":{"line":96,"column":0}},{"start":{"line":96,"column":0},"end":{"line":96,"column":0}}]},"12":{"line":105,"type":"cond-expr","locations":[{"start":{"line":105,"column":46},"end":{"line":105,"column":56}},{"start":{"line":105,"column":59},"end":{"line":105,"column":68}}]},"13":{"line":105,"type":"binary-expr","locations":[{"start":{"line":105,"column":73},"end":{"line":105,"column":89}},{"start":{"line":105,"column":93},"end":{"line":105,"column":102}}]},"14":{"line":105,"type":"binary-expr","locations":[{"start":{"line":105,"column":113},"end":{"line":105,"column":129}},{"start":{"line":105,"column":133},"end":{"line":105,"column":144}}]},"15":{"line":108,"type":"if","locations":[{"start":{"line":108,"column":2},"end":{"line":108,"column":2}},{"start":{"line":108,"column":2},"end":{"line":108,"column":2}}]},"16":{"line":112,"type":"if","locations":[{"start":{"line":112,"column":4},"end":{"line":112,"column":4}},{"start":{"line":112,"column":4},"end":{"line":112,"column":4}}]},"17":{"line":112,"type":"binary-expr","locations":[{"start":{"line":112,"column":8},"end":{"line":112,"column":25}},{"start":{"line":112,"column":29},"end":{"line":112,"column":59}}]},"18":{"line":116,"type":"if","locations":[{"start":{"line":116,"column":4},"end":{"line":116,"column":4}},{"start":{"line":116,"column":4},"end":{"line":116,"column":4}}]},"19":{"line":116,"type":"binary-expr","locations":[{"start":{"line":116,"column":8},"end":{"line":116,"column":45}},{"start":{"line":116,"column":49},"end":{"line":116,"column":85}}]},"20":{"line":123,"type":"if","locations":[{"start":{"line":123,"column":2},"end":{"line":123,"column":2}},{"start":{"line":123,"column":2},"end":{"line":123,"column":2}}]}},"code":["//#!/usr/bin/env node","","'use strict';","","const clc             = require('cli-color');","const csrf            = require('csurf');","const commander       = require('commander');","const express         = require('express');","const fs              = require('fs');","const https           = require('https');","const middleware      = require('./lib/middleware');","const utils           = require('./lib/utils');","const updateNotifier  = require('update-notifier');","const pkg             = require('./package.json');","","let app               = express();","let notifier          = updateNotifier({ pkg });","","let config;","let defaultPort = 80;","let server      = app;","let sslOptions;","","// Notify of any updates","notifier.notify();","","try {","  // eslint-disable-next-line import/no-unresolved","  config = utils.deepmerge(require('./config.default'), require('./config'));","} catch (e) {","  if (e.code === 'MODULE_NOT_FOUND') {","    console.log('No custom config.js found, loading config.default.js');","  } else {","    console.error(clc.red('Unable to load config.js!'));","    console.error(clc.red('Error is:'));","    console.log(clc.red(e));","    process.exit(1);","  }","","  config = require('./config.default');","}","","if (config.options.console) {","  console.log('Welcome to mongo-express');","  console.log('------------------------');","  console.log('\\n');","}","","commander","  .version(require('./package').version)","  .option('-H, --host <host>', 'hostname or adress')","  .option('-P, --dbport <host>', 'port of the db')","  .option('-u, --username <username>', 'username for authentication')","  .option('-p, --password <password>', 'password for authentication')","  .option('-a, --admin', 'enable authentication as admin')","  .option('-d, --database <database>', 'authenticate to database')","  .option('--port <port>', 'listen on specified port')",".parse(process.argv);","","if (commander.username && commander.password) {","  config.mongodb.admin = !!commander.admin;","  if (commander.admin) {","    config.mongodb.adminUsername = commander.username;","    config.mongodb.adminPassword = commander.password;","  } else {","    let user = {","      database: commander.database,","      username: commander.username,","      password: commander.password,","    };","    for (let key in user) {","      if (!user[key]) {","        commander.help();","      }","    }","","    config.mongodb.auth[0] = user;","  }","","  config.useBasicAuth = false;","}","","config.mongodb.server = commander.host || config.mongodb.server;","config.mongodb.port = commander.dbport || config.mongodb.port;","","config.site.port = commander.port || config.site.port;","","if (!config.site.baseUrl) {","  console.error('Please specify a baseUrl in your config. Using \"/\" for now.');","  config.site.baseUrl = '/';","}","","app.use(config.site.baseUrl, middleware(config));","app.use(csrf());","","if (config.site.sslEnabled) {","  defaultPort     = 443;","  sslOptions  = {","    key:  fs.readFileSync(config.site.sslKey),","    cert: fs.readFileSync(config.site.sslCert),","  };","  server = https.createServer(sslOptions, app);","}","","let addressString = (config.site.sslEnabled ? 'https://' : 'http://') + (config.site.host || '0.0.0.0') + ':' + (config.site.port || defaultPort);","","server.listen(config.site.port, config.site.host, function () {","  if (config.options.console) {","","    console.log('Mongo Express server listening', 'at ' + addressString);","","    if (!config.site.host || config.site.host === '0.0.0.0') {","      console.error(clc.red('Server is open to allow connections from anyone (0.0.0.0)'));","    }","","    if (config.basicAuth.username === 'admin' && config.basicAuth.password === 'pass') {","      console.error(clc.red('basicAuth credentials are \"admin:pass\", it is recommended you change this in your config.js!'));","    }","","  }","})",".on('error', function (e) {","  if (e.code === 'EADDRINUSE') {","    console.log();","    console.error(clc.red('Address ' + addressString + ' already in use! You need to pick a different host and/or port.'));","    console.log('Maybe mongo-express is already running?');","  }","","  console.log();","  console.log('If you are still having trouble, try Googling for the key parts of the following error object before posting an issue');","  console.log(JSON.stringify(e));","  return process.exit(1);","});",""],"l":{"5":1,"6":1,"7":1,"8":1,"9":1,"10":1,"11":1,"12":1,"13":1,"14":1,"16":1,"17":1,"19":1,"20":1,"21":1,"22":1,"25":1,"27":1,"29":1,"31":1,"32":1,"34":0,"35":0,"36":0,"37":0,"40":1,"43":1,"44":1,"45":1,"46":1,"49":1,"60":1,"61":0,"62":0,"63":0,"64":0,"66":0,"71":0,"72":0,"73":0,"77":0,"80":0,"83":1,"84":1,"86":1,"88":1,"89":0,"90":0,"93":1,"94":1,"96":1,"97":0,"98":0,"102":0,"105":1,"107":1,"108":1,"110":1,"112":1,"113":0,"116":1,"117":1,"123":0,"124":0,"125":0,"126":0,"129":0,"130":0,"131":0,"132":0}},"/home/travis/build/npmtest/node-npmtest-mongo-express/node_modules/mongo-express/lib/middleware.js":{"path":"/home/travis/build/npmtest/node-npmtest-mongo-express/node_modules/mongo-express/lib/middleware.js","s":{"1":1,"2":1,"3":1,"4":1,"5":1,"6":1,"7":1,"8":1,"9":1,"10":1,"11":1,"12":1,"13":6,"14":1,"15":1,"16":1,"17":1,"18":1,"19":1,"20":1,"21":1},"b":{"1":[0,1],"2":[1,1],"3":[1,1]},"f":{"1":1,"2":6},"fnMap":{"1":{"name":"(anonymous_1)","line":10,"loc":{"start":{"line":10,"column":19},"end":{"line":10,"column":37}}},"2":{"name":"(anonymous_2)","line":21,"loc":{"start":{"line":21,"column":35},"end":{"line":21,"column":51}}}},"statementMap":{"1":{"start":{"line":3,"column":0},"end":{"line":3,"column":39}},"2":{"start":{"line":4,"column":0},"end":{"line":4,"column":46}},"3":{"start":{"line":5,"column":0},"end":{"line":5,"column":41}},"4":{"start":{"line":6,"column":0},"end":{"line":6,"column":40}},"5":{"start":{"line":8,"column":0},"end":{"line":8,"column":47}},"6":{"start":{"line":10,"column":0},"end":{"line":36,"column":2}},"7":{"start":{"line":11,"column":2},"end":{"line":11,"column":24}},"8":{"start":{"line":13,"column":2},"end":{"line":13,"column":29}},"9":{"start":{"line":16,"column":2},"end":{"line":18,"column":4}},"10":{"start":{"line":19,"column":2},"end":{"line":19,"column":48}},"11":{"start":{"line":20,"column":2},"end":{"line":20,"column":44}},"12":{"start":{"line":21,"column":2},"end":{"line":23,"column":5}},"13":{"start":{"line":22,"column":4},"end":{"line":22,"column":44}},"14":{"start":{"line":26,"column":2},"end":{"line":26,"column":41}},"15":{"start":{"line":27,"column":2},"end":{"line":27,"column":33}},"16":{"start":{"line":28,"column":2},"end":{"line":28,"column":45}},"17":{"start":{"line":30,"column":2},"end":{"line":30,"column":31}},"18":{"start":{"line":32,"column":2},"end":{"line":32,"column":67}},"19":{"start":{"line":33,"column":2},"end":{"line":33,"column":67}},"20":{"start":{"line":35,"column":2},"end":{"line":35,"column":13}},"21":{"start":{"line":38,"column":0},"end":{"line":38,"column":28}}},"branchMap":{"1":{"line":17,"type":"cond-expr","locations":[{"start":{"line":17,"column":51},"end":{"line":17,"column":59}},{"start":{"line":17,"column":62},"end":{"line":17,"column":67}}]},"2":{"line":32,"type":"binary-expr","locations":[{"start":{"line":32,"column":28},"end":{"line":32,"column":51}},{"start":{"line":32,"column":60},"end":{"line":32,"column":65}}]},"3":{"line":33,"type":"binary-expr","locations":[{"start":{"line":33,"column":28},"end":{"line":33,"column":56}},{"start":{"line":33,"column":60},"end":{"line":33,"column":65}}]}},"code":["'use strict';","","const express     = require('express');","const swig        = require('swig-templates');","const swigFilters = require('./filters');","const router      = require('./router');","","const assets = require('../build-assets.json');","","const middleware = function (config) {","  const app = express();","","  app.locals.assets = assets;","","  //Set up swig","  const swigOptions = {","    cache: process.env.NODE_ENV === 'production' ? 'memory' : false,","  };","  const swigEngine = new swig.Swig(swigOptions);","  app.engine('html', swigEngine.renderFile);","  Object.keys(swigFilters).forEach(function (name) {","    swig.setFilter(name, swigFilters[name]);","  });","","  //App configuration","  app.set('views', __dirname + '/views');","  app.set('view engine', 'html');","  app.set('view options', { layout: false });","","  app.use('/', router(config));","","  app.set('read_only',      config.options.readOnly      || false);","  app.set('gridFSEnabled',  config.options.gridFSEnabled || false);","","  return app;","};","","module.exports = middleware;",""],"l":{"3":1,"4":1,"5":1,"6":1,"8":1,"10":1,"11":1,"13":1,"16":1,"19":1,"20":1,"21":1,"22":6,"26":1,"27":1,"28":1,"30":1,"32":1,"33":1,"35":1,"38":1}},"/home/travis/build/npmtest/node-npmtest-mongo-express/node_modules/mongo-express/lib/filters.js":{"path":"/home/travis/build/npmtest/node-npmtest-mongo-express/node_modules/mongo-express/lib/filters.js","s":{"1":1,"2":0,"3":1,"4":0,"5":0,"6":0,"7":0,"8":0,"9":0,"10":0,"11":0,"12":0,"13":0,"14":0,"15":0,"16":0,"17":0,"18":0,"19":0,"20":1,"21":0,"22":1,"23":0,"24":0,"25":0,"26":0,"27":0,"28":0,"29":0,"30":0,"31":0,"32":0,"33":0,"34":0,"35":0,"36":0,"37":0,"38":0,"39":0,"40":0,"41":0,"42":0,"43":0,"44":0,"45":0,"46":0,"47":0,"48":0,"49":0,"50":0,"51":0,"52":0,"53":1,"54":0,"55":0,"56":0,"57":1,"58":0},"b":{"1":[0,0],"2":[0,0],"3":[0,0],"4":[0,0],"5":[0,0],"6":[0,0],"7":[0,0],"8":[0,0],"9":[0,0],"10":[0,0],"11":[0,0,0,0,0,0,0,0,0],"12":[0,0],"13":[0,0,0,0,0,0,0,0,0],"14":[0,0],"15":[0,0,0,0,0],"16":[0,0],"17":[0,0,0],"18":[0,0],"19":[0,0,0,0],"20":[0,0],"21":[0,0],"22":[0,0],"23":[0,0],"24":[0,0],"25":[0,0,0]},"f":{"1":0,"2":0,"3":0,"4":0,"5":0,"6":0,"7":0},"fnMap":{"1":{"name":"(anonymous_1)","line":3,"loc":{"start":{"line":3,"column":15},"end":{"line":3,"column":32}}},"2":{"name":"(anonymous_2)","line":7,"loc":{"start":{"line":7,"column":23},"end":{"line":7,"column":40}}},"3":{"name":"(anonymous_3)","line":29,"loc":{"start":{"line":29,"column":20},"end":{"line":29,"column":37}}},"4":{"name":"(anonymous_4)","line":33,"loc":{"start":{"line":33,"column":21},"end":{"line":33,"column":38}}},"5":{"name":"(anonymous_5)","line":35,"loc":{"start":{"line":35,"column":22},"end":{"line":35,"column":38}}},"6":{"name":"(anonymous_6)","line":143,"loc":{"start":{"line":143,"column":23},"end":{"line":143,"column":40}}},"7":{"name":"(anonymous_7)","line":153,"loc":{"start":{"line":153,"column":38},"end":{"line":153,"column":55}}}},"statementMap":{"1":{"start":{"line":3,"column":0},"end":{"line":5,"column":2}},"2":{"start":{"line":4,"column":2},"end":{"line":4,"column":45}},"3":{"start":{"line":7,"column":0},"end":{"line":27,"column":2}},"4":{"start":{"line":8,"column":2},"end":{"line":8,"column":30}},"5":{"start":{"line":9,"column":2},"end":{"line":26,"column":3}},"6":{"start":{"line":10,"column":4},"end":{"line":10,"column":39}},"7":{"start":{"line":11,"column":9},"end":{"line":26,"column":3}},"8":{"start":{"line":13,"column":4},"end":{"line":13,"column":51}},"9":{"start":{"line":14,"column":4},"end":{"line":14,"column":36}},"10":{"start":{"line":15,"column":9},"end":{"line":26,"column":3}},"11":{"start":{"line":16,"column":4},"end":{"line":16,"column":60}},"12":{"start":{"line":17,"column":4},"end":{"line":17,"column":36}},"13":{"start":{"line":18,"column":9},"end":{"line":26,"column":3}},"14":{"start":{"line":19,"column":4},"end":{"line":19,"column":67}},"15":{"start":{"line":20,"column":4},"end":{"line":20,"column":36}},"16":{"start":{"line":21,"column":9},"end":{"line":26,"column":3}},"17":{"start":{"line":22,"column":4},"end":{"line":22,"column":74}},"18":{"start":{"line":23,"column":4},"end":{"line":23,"column":36}},"19":{"start":{"line":25,"column":4},"end":{"line":25,"column":39}},"20":{"start":{"line":29,"column":0},"end":{"line":31,"column":2}},"21":{"start":{"line":30,"column":2},"end":{"line":30,"column":73}},"22":{"start":{"line":33,"column":0},"end":{"line":141,"column":2}},"23":{"start":{"line":35,"column":2},"end":{"line":42,"column":4}},"24":{"start":{"line":37,"column":4},"end":{"line":41,"column":31}},"25":{"start":{"line":44,"column":2},"end":{"line":44,"column":19}},"26":{"start":{"line":47,"column":2},"end":{"line":49,"column":3}},"27":{"start":{"line":48,"column":4},"end":{"line":48,"column":14}},"28":{"start":{"line":52,"column":2},"end":{"line":70,"column":3}},"29":{"start":{"line":63,"column":4},"end":{"line":64,"column":87}},"30":{"start":{"line":65,"column":4},"end":{"line":65,"column":55}},"31":{"start":{"line":66,"column":4},"end":{"line":66,"column":46}},"32":{"start":{"line":67,"column":4},"end":{"line":67,"column":50}},"33":{"start":{"line":68,"column":4},"end":{"line":68,"column":24}},"34":{"start":{"line":69,"column":4},"end":{"line":69,"column":19}},"35":{"start":{"line":73,"column":2},"end":{"line":91,"column":3}},"36":{"start":{"line":84,"column":4},"end":{"line":85,"column":86}},"37":{"start":{"line":86,"column":4},"end":{"line":86,"column":78}},"38":{"start":{"line":87,"column":4},"end":{"line":87,"column":46}},"39":{"start":{"line":88,"column":4},"end":{"line":88,"column":50}},"40":{"start":{"line":89,"column":4},"end":{"line":89,"column":24}},"41":{"start":{"line":90,"column":4},"end":{"line":90,"column":19}},"42":{"start":{"line":94,"column":2},"end":{"line":104,"column":3}},"43":{"start":{"line":103,"column":4},"end":{"line":103,"column":82}},"44":{"start":{"line":107,"column":2},"end":{"line":115,"column":3}},"45":{"start":{"line":114,"column":4},"end":{"line":114,"column":126}},"46":{"start":{"line":118,"column":2},"end":{"line":128,"column":3}},"47":{"start":{"line":126,"column":4},"end":{"line":127,"column":65}},"48":{"start":{"line":130,"column":2},"end":{"line":132,"column":3}},"49":{"start":{"line":131,"column":4},"end":{"line":131,"column":63}},"50":{"start":{"line":135,"column":2},"end":{"line":137,"column":3}},"51":{"start":{"line":136,"column":4},"end":{"line":136,"column":52}},"52":{"start":{"line":140,"column":2},"end":{"line":140,"column":41}},"53":{"start":{"line":143,"column":0},"end":{"line":151,"column":2}},"54":{"start":{"line":146,"column":2},"end":{"line":148,"column":3}},"55":{"start":{"line":147,"column":4},"end":{"line":147,"column":28}},"56":{"start":{"line":150,"column":2},"end":{"line":150,"column":15}},"57":{"start":{"line":153,"column":0},"end":{"line":155,"column":2}},"58":{"start":{"line":154,"column":2},"end":{"line":154,"column":58}}},"branchMap":{"1":{"line":9,"type":"if","locations":[{"start":{"line":9,"column":2},"end":{"line":9,"column":2}},{"start":{"line":9,"column":2},"end":{"line":9,"column":2}}]},"2":{"line":11,"type":"if","locations":[{"start":{"line":11,"column":9},"end":{"line":11,"column":9}},{"start":{"line":11,"column":9},"end":{"line":11,"column":9}}]},"3":{"line":15,"type":"if","locations":[{"start":{"line":15,"column":9},"end":{"line":15,"column":9}},{"start":{"line":15,"column":9},"end":{"line":15,"column":9}}]},"4":{"line":18,"type":"if","locations":[{"start":{"line":18,"column":9},"end":{"line":18,"column":9}},{"start":{"line":18,"column":9},"end":{"line":18,"column":9}}]},"5":{"line":21,"type":"if","locations":[{"start":{"line":21,"column":9},"end":{"line":21,"column":9}},{"start":{"line":21,"column":9},"end":{"line":21,"column":9}}]},"6":{"line":30,"type":"cond-expr","locations":[{"start":{"line":30,"column":51},"end":{"line":30,"column":67}},{"start":{"line":30,"column":70},"end":{"line":30,"column":72}}]},"7":{"line":30,"type":"binary-expr","locations":[{"start":{"line":30,"column":10},"end":{"line":30,"column":24}},{"start":{"line":30,"column":28},"end":{"line":30,"column":47}}]},"8":{"line":47,"type":"if","locations":[{"start":{"line":47,"column":2},"end":{"line":47,"column":2}},{"start":{"line":47,"column":2},"end":{"line":47,"column":2}}]},"9":{"line":47,"type":"binary-expr","locations":[{"start":{"line":47,"column":6},"end":{"line":47,"column":20}},{"start":{"line":47,"column":24},"end":{"line":47,"column":43}}]},"10":{"line":52,"type":"if","locations":[{"start":{"line":52,"column":2},"end":{"line":52,"column":2}},{"start":{"line":52,"column":2},"end":{"line":52,"column":2}}]},"11":{"line":53,"type":"binary-expr","locations":[{"start":{"line":53,"column":4},"end":{"line":53,"column":29}},{"start":{"line":54,"column":4},"end":{"line":54,"column":17}},{"start":{"line":55,"column":4},"end":{"line":55,"column":46}},{"start":{"line":56,"column":4},"end":{"line":56,"column":17}},{"start":{"line":57,"column":4},"end":{"line":57,"column":17}},{"start":{"line":58,"column":4},"end":{"line":58,"column":17}},{"start":{"line":59,"column":4},"end":{"line":59,"column":17}},{"start":{"line":60,"column":4},"end":{"line":60,"column":17}},{"start":{"line":61,"column":4},"end":{"line":61,"column":13}}]},"12":{"line":73,"type":"if","locations":[{"start":{"line":73,"column":2},"end":{"line":73,"column":2}},{"start":{"line":73,"column":2},"end":{"line":73,"column":2}}]},"13":{"line":74,"type":"binary-expr","locations":[{"start":{"line":74,"column":4},"end":{"line":74,"column":29}},{"start":{"line":75,"column":4},"end":{"line":75,"column":17}},{"start":{"line":76,"column":4},"end":{"line":76,"column":41}},{"start":{"line":77,"column":4},"end":{"line":77,"column":17}},{"start":{"line":78,"column":4},"end":{"line":78,"column":17}},{"start":{"line":79,"column":4},"end":{"line":79,"column":17}},{"start":{"line":80,"column":4},"end":{"line":80,"column":17}},{"start":{"line":81,"column":4},"end":{"line":81,"column":17}},{"start":{"line":82,"column":4},"end":{"line":82,"column":13}}]},"14":{"line":94,"type":"if","locations":[{"start":{"line":94,"column":2},"end":{"line":94,"column":2}},{"start":{"line":94,"column":2},"end":{"line":94,"column":2}}]},"15":{"line":95,"type":"binary-expr","locations":[{"start":{"line":95,"column":4},"end":{"line":95,"column":29}},{"start":{"line":97,"column":6},"end":{"line":97,"column":54}},{"start":{"line":98,"column":6},"end":{"line":98,"column":54}},{"start":{"line":99,"column":6},"end":{"line":99,"column":54}},{"start":{"line":100,"column":6},"end":{"line":100,"column":55}}]},"16":{"line":107,"type":"if","locations":[{"start":{"line":107,"column":2},"end":{"line":107,"column":2}},{"start":{"line":107,"column":2},"end":{"line":107,"column":2}}]},"17":{"line":108,"type":"binary-expr","locations":[{"start":{"line":108,"column":4},"end":{"line":108,"column":29}},{"start":{"line":110,"column":6},"end":{"line":110,"column":54}},{"start":{"line":111,"column":6},"end":{"line":111,"column":54}}]},"18":{"line":118,"type":"if","locations":[{"start":{"line":118,"column":2},"end":{"line":118,"column":2}},{"start":{"line":118,"column":2},"end":{"line":118,"column":2}}]},"19":{"line":119,"type":"binary-expr","locations":[{"start":{"line":119,"column":4},"end":{"line":119,"column":29}},{"start":{"line":121,"column":6},"end":{"line":121,"column":55}},{"start":{"line":122,"column":6},"end":{"line":122,"column":54}},{"start":{"line":123,"column":6},"end":{"line":123,"column":54}}]},"20":{"line":130,"type":"if","locations":[{"start":{"line":130,"column":2},"end":{"line":130,"column":2}},{"start":{"line":130,"column":2},"end":{"line":130,"column":2}}]},"21":{"line":130,"type":"binary-expr","locations":[{"start":{"line":130,"column":6},"end":{"line":130,"column":31}},{"start":{"line":130,"column":35},"end":{"line":130,"column":87}}]},"22":{"line":135,"type":"if","locations":[{"start":{"line":135,"column":2},"end":{"line":135,"column":2}},{"start":{"line":135,"column":2},"end":{"line":135,"column":2}}]},"23":{"line":135,"type":"binary-expr","locations":[{"start":{"line":135,"column":6},"end":{"line":135,"column":31}},{"start":{"line":135,"column":35},"end":{"line":135,"column":52}}]},"24":{"line":146,"type":"if","locations":[{"start":{"line":146,"column":2},"end":{"line":146,"column":2}},{"start":{"line":146,"column":2},"end":{"line":146,"column":2}}]},"25":{"line":146,"type":"binary-expr","locations":[{"start":{"line":146,"column":6},"end":{"line":146,"column":11}},{"start":{"line":146,"column":15},"end":{"line":146,"column":40}},{"start":{"line":146,"column":44},"end":{"line":146,"column":74}}]}},"code":["'use strict';","","exports.json = function (input) {","  return JSON.stringify(input, null, '    ');","};","","exports.convertBytes = function (input) {","  input = parseInt(input, 10);","  if (input < 1024) {","    return input.toString() + ' Bytes';"
[...]
lumn":2}}},"branchMap":{"1":{"line":6,"type":"if","locations":[{"start":{"line":6,"column":0},"end":{"line":6,"column":0}},{"start":{"line":6,"column":0},"end":{"line":6,"column":0}}]},"2":{"line":13,"type":"if","locations":[{"start":{"line":13,"column":0},"end":{"line":13,"column":0}},{"start":{"line":13,"column":0},"end":{"line":13,"column":0}}]},"3":{"line":16,"type":"if","locations":[{"start":{"line":16,"column":2},"end":{"line":16,"column":2}},{"start":{"line":16,"column":2},"end":{"line":16,"column":2}}]},"4":{"line":31,"type":"cond-expr","locations":[{"start":{"line":31,"column":67},"end":{"line":31,"column":114}},{"start":{"line":31,"column":117},"end":{"line":31,"column":122}}]},"5":{"line":37,"type":"binary-expr","locations":[{"start":{"line":37,"column":13},"end":{"line":37,"column":96}},{"start":{"line":37,"column":101},"end":{"line":37,"column":111}}]},"6":{"line":37,"type":"cond-expr","locations":[{"start":{"line":37,"column":48},"end":{"line":37,"column":69}},{"start":{"line":37,"column":72},"end":{"line":37,"column":96}}]},"7":{"line":38,"type":"binary-expr","locations":[{"start":{"line":38,"column":12},"end":{"line":38,"column":46}},{"start":{"line":38,"column":53},"end":{"line":38,"column":63}}]},"8":{"line":41,"type":"binary-expr","locations":[{"start":{"line":41,"column":9},"end":{"line":41,"column":42}},{"start":{"line":41,"column":46},"end":{"line":41,"column":55}}]},"9":{"line":44,"type":"binary-expr","locations":[{"start":{"line":44,"column":17},"end":{"line":44,"column":58}},{"start":{"line":44,"column":62},"end":{"line":44,"column":66}}]},"10":{"line":58,"type":"cond-expr","locations":[{"start":{"line":58,"column":56},"end":{"line":58,"column":123}},{"start":{"line":58,"column":126},"end":{"line":58,"column":131}}]},"11":{"line":68,"type":"binary-expr","locations":[{"start":{"line":68,"column":18},"end":{"line":68,"column":61}},{"start":{"line":68,"column":65},"end":{"line":68,"column":73}}]},"12":{"line":69,"type":"binary-expr","locations":[{"start":{"line":69,"column":18},"end":{"line":69,"column":61}},{"start":{"line":69,"column":65},"end":{"line":69,"column":79}}]},"13":{"line":70,"type":"binary-expr","locations":[{"start":{"line":70,"column":18},"end":{"line":70,"column":61}},{"start":{"line":70,"column":65},"end":{"line":70,"column":79}}]},"14":{"line":78,"type":"binary-expr","locations":[{"start":{"line":78,"column":19},"end":{"line":78,"column":62}},{"start":{"line":78,"column":66},"end":{"line":78,"column":68}}]},"15":{"line":79,"type":"binary-expr","locations":[{"start":{"line":79,"column":19},"end":{"line":79,"column":62}},{"start":{"line":79,"column":66},"end":{"line":79,"column":68}}]},"16":{"line":90,"type":"binary-expr","locations":[{"start":{"line":90,"column":13},"end":{"line":90,"column":47}},{"start":{"line":90,"column":51},"end":{"line":90,"column":54}}]},"17":{"line":92,"type":"binary-expr","locations":[{"start":{"line":92,"column":22},"end":{"line":92,"column":61}},{"start":{"line":92,"column":67},"end":{"line":92,"column":81}}]},"18":{"line":93,"type":"binary-expr","locations":[{"start":{"line":93,"column":22},"end":{"line":93,"column":47}},{"start":{"line":93,"column":67},"end":{"line":93,"column":78}}]},"19":{"line":94,"type":"binary-expr","locations":[{"start":{"line":94,"column":22},"end":{"line":94,"column":47}},{"start":{"line":94,"column":67},"end":{"line":94,"column":71}}]},"20":{"line":95,"type":"binary-expr","locations":[{"start":{"line":95,"column":22},"end":{"line":95,"column":56}},{"start":{"line":95,"column":67},"end":{"line":95,"column":73}}]},"21":{"line":96,"type":"binary-expr","locations":[{"start":{"line":96,"column":22},"end":{"line":96,"column":62}},{"start":{"line":96,"column":67},"end":{"line":96,"column":82}}]},"22":{"line":97,"type":"binary-expr","locations":[{"start":{"line":97,"column":22},"end":{"line":97,"column":61}},{"start":{"line":97,"column":67},"end":{"line":97,"column":69}}]},"23":{"line":98,"type":"binary-expr","locations":[{"start":{"line":98,"column":22},"end":{"line":98,"column":60}},{"start":{"line":98,"column":67},"end":{"line":98,"column":72}}]},"24":{"line":99,"type":"binary-expr","locations":[{"start":{"line":99,"column":22},"end":{"line":99,"column":61}},{"start":{"line":99,"column":67},"end":{"line":99,"column":69}}]},"25":{"line":108,"type":"binary-expr","locations":[{"start":{"line":108,"column":14},"end":{"line":108,"column":54}},{"start":{"line":108,"column":58},"end":{"line":108,"column":65}}]},"26":{"line":109,"type":"binary-expr","locations":[{"start":{"line":109,"column":14},"end":{"line":109,"column":54}},{"start":{"line":109,"column":58},"end":{"line":109,"column":64}}]},"27":{"line":121,"type":"binary-expr","locations":[{"start":{"line":121,"column":17},"end":{"line":121,"column":58}},{"start":{"line":121,"column":62},"end":{"line":121,"column":72}}]},"28":{"line":150,"type":"binary-expr","locations":[{"start":{"line":150,"column":19},"end":{"line":150,"column":60}},{"start":{"line":150,"column":64},"end":{"line":150,"column":69}}]}},"code":["'use strict';","","var mongo;","var url = require('url');","","if (typeof process.env.MONGODB_PORT === 'string') {","  var mongoConnection = url.parse(process.env.MONGODB_PORT);","  process.env.ME_CONFIG_MONGODB_SERVER  = mongoConnection.hostname;","  process.env.ME_CONFIG_MONGODB_PORT    = mongoConnection.port;","}","","// Accesing Bluemix variable to get MongoDB info","if (process.env.VCAP_SERVICES) {","  var dbLabel = 'mongodb-2.4';","  var env = JSON.parse(process.env.VCAP_SERVICES);","  if (env[dbLabel]) {","    mongo = env[dbLabel][0].credentials;","  }","} else {","  mongo = {","    db:       'db',","    host:     'localhost',","    password: 'pass',","    port:     27017,","    ssl:      false,","    url:      'mongodb://localhost:27017/db',","    username: 'admin',","  };","}","","var meConfigMongodbServer = process.env.ME_CONFIG_MONGODB_SERVER ? process.env.ME_CONFIG_MONGODB_SERVER.split(',') : false;","","module.exports = {","  mongodb: {","    //server: mongodb hostname or IP address","    //for replica set, use array of string instead","    server: (meConfigMongodbServer.length > 1 ? meConfigMongodbServer : meConfigMongodbServer[0]) || mongo.host,","    port:   process.env.ME_CONFIG_MONGODB_PORT    || mongo.port,","","    //ssl: connect to the server using secure SSL","    ssl: process.env.ME_CONFIG_MONGODB_SSL || mongo.ssl,","","    //sslValidate: validate mongod server certificate against CA","    sslValidate: process.env.ME_CONFIG_MONGODB_SSLVALIDATE || true,","","    //sslCA: array of valid CA certificates","    sslCA:  [],","","    //autoReconnect: automatically reconnect if connection is lost","    autoReconnect: true,","","    //poolSize: size of connection pool (number of connections to use)","    poolSize: 4,","","    //set admin to true if you want to turn on admin features","    //if admin is true, the auth list below will be ignored","    //if admin is true, you will need to enter an admin username/password below (if it is needed)","    admin: process.env.ME_CONFIG_MONGODB_ENABLE_ADMIN ? process.env.ME_CONFIG_MONGODB_ENABLE_ADMIN.toLowerCase() === 'true' : false,","","    // >>>>  If you are using regular accounts, fill out auth details in the section below","    // >>>>  If you have admin auth, leave this section empty and skip to the next section","    auth: [","      /*","       * Add the name, username, and password of the databases you want to connect to","       * Add as many databases as you want!","       */","      {","        database: process.env.ME_CONFIG_MONGODB_AUTH_DATABASE || mongo.db,","        username: process.env.ME_CONFIG_MONGODB_AUTH_USERNAME || mongo.username,","        password: process.env.ME_CONFIG_MONGODB_AUTH_PASSWORD || mongo.password,","      },","    ],","","    //  >>>>  If you are using an admin mongodb account, or no admin account exists, fill out section below","    //  >>>>  Using an admin account allows you to view and edit all databases, and view stats","","    //leave username and password empty if no admin account exists","    adminUsername: process.env.ME_CONFIG_MONGODB_ADMINUSERNAME || '',","    adminPassword: process.env.ME_CONFIG_MONGODB_ADMINPASSWORD || '',","","    //whitelist: hide all databases except the ones in this list  (empty list for no whitelist)","    whitelist: [],","","    //blacklist: hide databases listed in the blacklist (empty list for no blacklist)","    blacklist: [],","  },","","  site: {","    // baseUrl: the URL that mongo express will be located at - Remember to add the forward slash at the start and end!","    baseUrl: process.env.ME_CONFIG_SITE_BASEURL || '/',","    cookieKeyName: 'mongo-express',","    cookieSecret:     process.env.ME_CONFIG_SITE_COOKIESECRET   || 'cookiesecret',","    host:             process.env.VCAP_APP_HOST                 || 'localhost',","    port:             process.env.VCAP_APP_PORT                 || 8081,","    requestSizeLimit: process.env.ME_CONFIG_REQUEST_SIZE        || '50mb',","    sessionSecret:    process.env.ME_CONFIG_SITE_SESSIONSECRET  || 'sessionsecret',","    sslCert:          process.env.ME_CONFIG_SITE_SSL_CRT_PATH   || '',","    sslEnabled:       process.env.ME_CONFIG_SITE_SSL_ENABLED    || false,","    sslKey:           process.env.ME_CONFIG_SITE_SSL_KEY_PATH   || '',","  },","","  //set useBasicAuth to true if you want to authenticate mongo-express loggins","  //if admin is false, the basicAuthInfo list below will be ignored","  //this will be true unless ME_CONFIG_BASICAUTH_USERNAME is set and is the empty string","  useBasicAuth: process.env.ME_CONFIG_BASICAUTH_USERNAME !== '',","","  basicAuth: {","    username: process.env.ME_CONFIG_BASICAUTH_USERNAME || 'admin',","    password: process.env.ME_CONFIG_BASICAUTH_PASSWORD || 'pass',","  },","","  options: {","    // Display startup text on console","    console: true,","","    //documentsPerPage: how many documents you want to see at once in collection view","    documentsPerPage: 10,","","    //editorTheme: Name of the theme you want to use for displaying documents","    //See http://codemirror.net/demo/theme.html for all examples","    editorTheme: process.env.ME_CONFIG_OPTIONS_EDITORTHEME || 'rubyblue',","","    // Maximum size of a single property & single row","    // Reduces the risk of sending a huge amount of data when viewing collections","    maxPropSize: (100 * 1000),  // default 100KB","    maxRowSize: (1000 * 1000),  // default 1MB","","    //The options below aren't being used yet","","    //cmdType: the type of command line you want mongo express to run","    //values: eval, subprocess","    //  eval - uses db.eval. commands block, so only use this if you have to","    //  subprocess - spawns a mongo command line as a subprocess and pipes output to mongo express","    cmdType: 'eval',","","    //subprocessTimeout: number of seconds of non-interaction before a subprocess is shut down","    subprocessTimeout: 300,","","    //readOnly: if readOnly is true, components of writing are not visible.","    readOnly: false,","","    //collapsibleJSON: if set to true, jsons will be displayed collapsible","    collapsibleJSON: true,","","    //collapsibleJSONDefaultUnfold: if collapsibleJSON is set to `true`, this defines default level","    //  to which JSONs are displayed unfolded; use number or \"all\" to unfold all levels","    collapsibleJSONDefaultUnfold: 1,","","    //gridFSEnabled: if gridFSEnabled is set to 'true', you will be able to manage uploaded files ( ak. grids, gridFS )","    gridFSEnabled: process.env.ME_CONFIG_SITE_GRIDFS_ENABLED || false,","","    // logger: this object will be used to initialize router logger (morgan)","    logger: {},","  },","","  // Specify the default keyname that should be picked from a document to display in collections list.","  // Keynames can be specified for every database and collection.","  // If no keyname is specified, it defaults to '_id', which is a mandatory field.","  // For Example :","  // defaultKeyNames{","  //   \"world_db\":{  //Database Name","  //     \"continent\":\"cont_name\", // collection:field","  //     \"country\":\"country_name\",","  //     \"city\":\"name\"","  //   }","  // }","  defaultKeyNames: {","","  },","};",""],"l":{"3":1,"4":1,"6":1,"7":0,"8":0,"9":0,"13":1,"14":0,"15":0,"16":0,"17":0,"20":1,"31":1,"33":1}},"/home/travis/build/npmtest/node-npmtest-mongo-express/node_modules/mongo-express/.eslintrc.js":{"path":"/home/travis/build/npmtest/node-npmtest-mongo-express/node_modules/mongo-express/.eslintrc.js","s":{"1":1},"b":{},"f":{},"fnMap":{},"statementMap":{"1":{"start":{"line":1,"column":0},"end":{"line":68,"column":2}}},"branchMap":{},"code":["module.exports = {","  extends: \"airbnb-base\",","  parserOptions: {","    \"sourceType\": \"script\",","  },","  env: {","    node: true,","    es6: true","  },","  plugins: [","    \"import\",","    \"lodash\"","  ],","  rules: {","    \"strict\": [\"error\", \"global\"],","    \"global-require\":[\"off\"],","    \"comma-dangle\": [\"error\", \"always-multiline\"],","    \"func-names\": [\"off\"],","    \"new-cap\": [\"off\"],","    \"consistent-return\": [\"off\"],","    \"no-lonely-if\": [\"off\"],","    \"no-console\": [\"off\"],","    \"vars-on-top\": [\"off\"],","    \"no-param-reassign\": [\"off\"],","    \"prefer-arrow-callback\": [\"off\"],","    \"no-else-return\": [\"off\"],","    \"no-nested-ternary\": [\"off\"],","","    \"no-restricted-syntax\": [\"off\"],","    \"no-mixed-operators\": [\"off\"],","    \"no-plusplus\": [\"off\"],","    \"guard-for-in\": [\"off\"],","    \"no-continue\": [\"off\"],","","    \"no-multi-spaces\": [\"off\"],","    \"key-spacing\": [\"off\"],","    \"max-len\": [\"error\", 150, 2],","    \"spaced-comment\": [\"off\"],","    \"brace-style\": [\"warn\", \"1tbs\"],","    \"prefer-template\": [\"off\"],","    \"padded-blocks\": [\"off\"],","    \"no-underscore-dangle\": [\"off\"],","","    \"import/no-extraneous-dependencies\": [\"error\", {","      \"devDependencies\": [","        \"**/test/**/*.js\",","        \"**/scripts/*.js\",","        \"**/webpack.config.js\",","      ]","    }],","","    \"lodash/callback-binding\": [\"error\"],","    \"lodash/collection-method-value\": [\"error\"],","    \"lodash/collection-return\": [\"error\"],","    \"lodash/no-double-unwrap\": [\"error\"],","    \"lodash/no-extra-args\": [\"error\"],","    \"lodash/no-unbound-this\": [\"error\"],","    \"lodash/unwrap\": [\"error\"],","","    // To be turned on","    \"no-var\": [\"off\"],","    \"prefer-const\": [\"off\"],","    \"object-shorthand\": [\"off\"],","    \"no-path-concat\": [\"off\"],","    \"no-shadow\": [\"off\", {allow: [\"err\", \"error\"]}],","    \"camelcase\": [\"off\"],","  },","};",""],"l":{"1":1}},"/home/travis/build/npmtest/node-npmtest-mongo-express/node_modules/mongo-express/webpack.config.js":{"path":"/home/travis/build/npmtest/node-npmtest-mongo-express/node_modules/mongo-express/webpack.config.js","s":{"1":2,"2":0,"3":0,"4":0,"5":0,"6":0,"7":0,"8":0,"9":0,"10":1,"11":0,"12":0,"13":0,"14":0,"15":0,"16":0},"b":{"1":[0,0],"2":[0,0],"3":[0,0],"4":[0,0]},"f":{"1":0},"fnMap":{"1":{"name":"resolveModulePath","line":15,"loc":{"start":{"line":15,"column":0},"end":{"line":15,"column":33}}}},"statementMap":{"1":{"start":{"line":3,"column":0},"end":{"line":3,"column":35}},"2":{"start":{"line":4,"column":0},"end":{"line":4,"column":29}},"3":{"start":{"line":5,"column":0},"end":{"line":5,"column":54}},"4":{"start":{"line":6,"column":0},"end":{"line":6,"column":59}},"5":{"start":{"line":7,"column":0},"end":{"line":7,"column":57}},"6":{"start":{"line":9,"column":0},"end":{"line":9,"column":50}},"7":{"start":{"line":10,"column":0},"end":{"line":10,"column":36}},"8":{"start":{"line":11,"column":0},"end":{"line":11,"column":22}},"9":{"start":{"line":13,"column":0},"end":{"line":13,"column":51}},"10":{"start":{"line":15,"column":0},"end":{"line":18,"column":1}},"11":{"start":{"line":16,"column":2},"end":{"line":16,"column":38}},"12":{"start":{"line":17,"column":2},"end":{"line":17,"column":75}},"13":{"start":{"line":20,"column":0},"end":{"line":20,"column":55}},"14":{"start":{"line":21,"column":0},"end":{"line":21,"column":53}},"15":{"start":{"line":23,"column":0},"end":{"line":85,"column":2}},"16":{"start":{"line":84,"column":16},"end":{"line":84,"column":19}}},"branchMap":{"1":{"line":9,"type":"binary-expr","locations":[{"start":{"line":9,"column":12},"end":{"line":9,"column":32}},{"start":{"line":9,"column":36},"end":{"line":9,"column":49}}]},"2":{"line":13,"type":"cond-expr","locations":[{"start":{"line":13,"column":27},"end":{"line":13,"column":29}},{"start":{"line":13,"column":32},"end":{"line":13,"column":50}}]},"3":{"line":66,"type":"binary-expr","locations":[{"start":{"line":66,"column":4},"end":{"line":66,"column":10}},{"start":{"line":66,"column":15},"end":{"line":66,"column":52}}]},"4":{"line":67,"type":"binary-expr","locations":[{"start":{"line":67,"column":4},"end":{"line":67,"column":10}},{"start":{"line":67,"column":15},"end":{"line":67,"column":63}}]}},"code":["'use strict';","","const webpack = require('webpack');","const path = require('path');","const AssetsPlugin = require('assets-webpack-plugin');","const CleanWebpackPlugin = require('clean-webpack-plugin');","const CopyWebpackPlugin = require('copy-webpack-plugin');","","const env = process.env.NODE_ENV || 'development';","const isDev = env === 'development';","const isProd = !isDev;","","const fileSuffix = isDev ? '' : '-[chunkhash].min';","","function resolveModulePath(name) {","  const packageJson = '/package.json';","  return require.resolve(`${name}${packageJson}`).replace(packageJson, '');","}","","const codemirrorPath = resolveModulePath('codemirror');","const bootstrapPath = resolveModulePath('bootstrap');","","module.exports = {","  entry: {","    index: './lib/scripts/index.js',","    database: './lib/scripts/database.js',","    collection: './lib/scripts/collection.js',","    document: './lib/scripts/document.js',","    gridfs: './lib/scripts/gridfs.js',","","    vendor: './lib/scripts/vendor.js',","    codemirror: './lib/scripts/codeMirrorLoader.js',","  },","  output: {","    filename: `[name]${fileSuffix}.js`,","    path: path.join(__dirname, 'build'),","    publicPath: 'public/',","  },","","  module: {","    loaders: [","      {","        test: /.js$/,","        loader: 'babel-loader',","        exclude: /(node_modules)/,","        query: {","          presets: ['es2015'],","        },","      },","    ],","  },","","  plugins: [","    new CleanWebpackPlugin(['build']),","","    new webpack.DefinePlugin({","      'process.env.NODE_ENV': JSON.stringify(env),","      __DEV__: isDev,","    }),","","    new webpack.optimize.CommonsChunkPlugin({","      names: ['codemirror', 'vendor'],","      filename: `[name]${fileSuffix}.js`,","    }),","","    isProd && (new webpack.optimize.UglifyJsPlugin()),","    isProd && (new webpack.optimize.OccurrenceOrderPlugin(true)),","","    new CopyWebpackPlugin([","      { from: 'public/images/*', to: 'img/[name].[ext]' },","      { from: 'public/stylesheets/*', to: 'css/[name].[ext]' },","","      { from: `${codemirrorPath}/lib/codemirror.css`, to: 'css/[name].[ext]' },","      { from: `${codemirrorPath}/theme/*`, to: 'css/theme/[name].[ext]' },","","      { from: `${bootstrapPath}/dist/fonts/*`, to: 'fonts/[name].[ext]' },","      { from: `${bootstrapPath}/dist/css/bootstrap.min.css`, to: 'css/[name].[ext]' },","      { from: `${bootstrapPath}/dist/css/bootstrap.min.css.map`, to: 'css/[name].[ext]' },","      { from: `${bootstrapPath}/dist/css/bootstrap-theme.min.css`, to: 'css/[name].[ext]' },","      { from: `${bootstrapPath}/dist/css/bootstrap-theme.min.css.map`, to: 'css/[name].[ext]' },","    ]),","","    new AssetsPlugin({ filename: 'build-assets.json' }),","  ].filter(n => !!n),","};",""],"l":{"3":2,"4":0,"5":0,"6":0,"7":0,"9":0,"10":0,"11":0,"13":0,"15":1,"16":0,"17":0,"20":0,"21":0,"23":0,"84":0}}}